,number,value,datetime_start,datetime_complete,duration,params_batch_size,params_ent_coef,params_exponent_n_steps,params_gamma,params_lr,params_n_epochs,user_attrs_gamma_,user_attrs_n_steps,state
0,0,-2109.85,2024-09-04 09:21:18.710531,2024-09-04 09:57:36.565305,0 days 00:36:17.854774,16,1.546351582228958e-05,8,0.012285916427548801,0.00013695509205547212,7,0.9877140835724512,256,COMPLETE
1,1,-8321.6,2024-09-04 09:21:31.628264,2024-09-04 10:09:15.492859,0 days 00:47:43.864595,16,1.546351582228958e-05,8,0.012285916427548801,0.00013695509205547212,7,0.9877140835724512,256,COMPLETE
2,2,-27787.3,2024-09-04 09:22:54.899908,2024-09-04 10:22:46.892986,0 days 00:59:51.993078,16,1.546351582228958e-05,8,0.012285916427548801,0.00013695509205547212,7,0.9877140835724512,256,COMPLETE
3,3,-22030.8,2024-09-04 09:23:05.782476,2024-09-04 10:13:15.815597,0 days 00:50:10.033121,16,1.546351582228958e-05,8,0.012285916427548801,0.00013695509205547212,7,0.9877140835724512,256,COMPLETE
4,4,-3490.35,2024-09-04 09:23:07.123922,2024-09-04 10:04:21.280160,0 days 00:41:14.156238,16,1.546351582228958e-05,8,0.012285916427548801,0.00013695509205547212,7,0.9877140835724512,256,COMPLETE
5,5,-46891.8,2024-09-04 09:23:10.964501,2024-09-04 10:44:41.578712,0 days 01:21:30.614211,16,1.546351582228958e-05,8,0.012285916427548801,0.00013695509205547212,7,0.9877140835724512,256,COMPLETE
6,6,-7318.45,2024-09-04 09:23:11.226402,2024-09-04 10:06:20.550326,0 days 00:43:09.323924,16,1.546351582228958e-05,8,0.012285916427548801,0.00013695509205547212,7,0.9877140835724512,256,COMPLETE
7,7,-8463.05,2024-09-04 09:23:11.402737,2024-09-04 10:02:05.586216,0 days 00:38:54.183479,16,1.546351582228958e-05,8,0.012285916427548801,0.00013695509205547212,7,0.9877140835724512,256,COMPLETE
8,8,-109690.95,2024-09-04 09:23:13.236728,2024-09-04 10:53:56.699264,0 days 01:30:43.462536,16,1.546351582228958e-05,8,0.012285916427548801,0.00013695509205547212,7,0.9877140835724512,256,COMPLETE
9,9,-5055.6,2024-09-04 09:23:13.336165,2024-09-04 10:02:27.957789,0 days 00:39:14.621624,16,1.546351582228958e-05,8,0.012285916427548801,0.00013695509205547212,7,0.9877140835724512,256,COMPLETE
10,10,-9811.2,2024-09-04 09:23:13.486663,2024-09-04 10:10:59.197963,0 days 00:47:45.711300,16,1.546351582228958e-05,8,0.012285916427548801,0.00013695509205547212,7,0.9877140835724512,256,COMPLETE
11,11,-11254.25,2024-09-04 09:23:16.389506,2024-09-04 10:07:39.635330,0 days 00:44:23.245824,16,1.546351582228958e-05,8,0.012285916427548801,0.00013695509205547212,7,0.9877140835724512,256,COMPLETE
12,12,-137.5,2024-09-04 09:57:36.693098,2024-09-04 10:06:25.055105,0 days 00:08:48.362007,64,0.002292635319486814,10,0.003939877885425337,0.00032464513461066217,4,0.9960601221145746,1024,COMPLETE
13,13,-122.55,2024-09-04 10:02:05.680148,2024-09-04 10:11:56.198312,0 days 00:09:50.518164,64,0.002292635319486814,10,0.003939877885425337,0.00032464513461066217,4,0.9960601221145746,1024,COMPLETE
14,14,-166.3,2024-09-04 10:02:28.109014,2024-09-04 10:12:11.626184,0 days 00:09:43.517170,64,0.002292635319486814,10,0.003939877885425337,0.00032464513461066217,4,0.9960601221145746,1024,COMPLETE
15,15,-125.5,2024-09-04 10:04:21.436654,2024-09-04 10:14:18.933030,0 days 00:09:57.496376,64,0.002292635319486814,10,0.003939877885425337,0.00032464513461066217,4,0.9960601221145746,1024,COMPLETE
16,16,-110.25,2024-09-04 10:06:20.672878,2024-09-04 10:25:59.187564,0 days 00:19:38.514686,64,1.0932519113936738e-08,12,0.0001966586436208717,0.0003461234588008263,12,0.9998033413563792,4096,COMPLETE
17,17,-84.55,2024-09-04 10:06:25.172999,2024-09-04 10:15:37.223257,0 days 00:09:12.050258,64,0.006493685393796563,12,0.00038140213902477913,0.00039029037032858806,4,0.9996185978609752,4096,COMPLETE
18,18,-119.8,2024-09-04 10:07:39.808229,2024-09-04 10:17:52.347269,0 days 00:10:12.539040,64,0.006493685393796563,11,0.00038140213902477913,0.00039029037032858806,4,0.9996185978609752,2048,COMPLETE
19,19,-123.55,2024-09-04 10:09:15.633984,2024-09-04 10:19:57.618324,0 days 00:10:41.984340,64,0.006493685393796563,11,0.00038140213902477913,0.00039029037032858806,4,0.9996185978609752,2048,COMPLETE
20,20,-104.15,2024-09-04 10:10:59.385158,2024-09-04 10:20:47.838764,0 days 00:09:48.453606,64,0.006493685393796563,11,0.0005110110272416547,0.00039029037032858806,4,0.9994889889727584,2048,COMPLETE
21,21,-62.0,2024-09-04 10:11:56.300234,2024-09-04 10:22:13.069452,0 days 00:10:16.769218,64,0.006493685393796563,12,0.0001966586436208717,0.0003942881228908797,4,0.9998033413563792,4096,COMPLETE
22,22,-60.15,2024-09-04 10:12:11.790535,2024-09-04 10:22:15.050071,0 days 00:10:03.259536,64,0.006493685393796563,12,0.0005488258798378054,0.0003639141139490205,4,0.9994511741201622,4096,COMPLETE
23,23,-73.85,2024-09-04 10:13:16.142229,2024-09-04 10:24:00.553532,0 days 00:10:44.411303,64,0.006493685393796563,12,0.0005488258798378054,0.0003639141139490205,4,0.9994511741201622,4096,COMPLETE
24,24,-84.65,2024-09-04 10:14:19.082024,2024-09-04 10:29:16.249748,0 days 00:14:57.167724,32,0.0004869088247642759,12,0.0005488258798378054,0.0002472245373597541,4,0.9994511741201622,4096,COMPLETE
25,25,-95.4,2024-09-04 10:15:37.336450,2024-09-04 10:45:26.569361,0 days 00:29:49.232911,32,0.0003262346386298448,12,0.00019950645278912896,0.00039246883912715327,11,0.9998004935472109,4096,COMPLETE
26,26,-95.5,2024-09-04 10:17:52.486983,2024-09-04 10:49:44.017458,0 days 00:31:51.530475,32,0.0001990032723308783,12,0.00012540728298106145,0.00039246883912715327,11,0.999874592717019,4096,COMPLETE
27,27,-107.3,2024-09-04 10:19:58.226545,2024-09-04 10:51:03.505524,0 days 00:31:05.278979,32,0.0001990032723308783,12,0.0002340092986792423,0.00022392879304503218,11,0.9997659907013208,4096,COMPLETE
28,28,-97.2,2024-09-04 10:20:47.983522,2024-09-04 10:51:24.803740,0 days 00:30:36.820218,32,0.0001990032723308783,12,0.00010268675565005232,0.00023351207936658105,11,0.9998973132443499,4096,COMPLETE
29,29,-119.25,2024-09-04 10:22:13.164735,2024-09-04 10:53:25.160185,0 days 00:31:11.995450,32,0.0001990032723308783,12,0.00010268675565005232,0.00023351207936658105,11,0.9998973132443499,4096,COMPLETE
30,30,-93.8,2024-09-04 10:22:15.223712,2024-09-04 10:52:44.061592,0 days 00:30:28.837880,32,0.0001990032723308783,12,0.00010268675565005232,0.00021622043229083322,11,0.9998973132443499,4096,COMPLETE
31,31,-28367.2,2024-09-04 10:22:47.058527,2024-09-04 11:14:26.998001,0 days 00:51:39.939474,32,0.00021289063180013887,6,0.0001406650614002719,0.00022872484921140378,12,0.9998593349385997,64,COMPLETE
32,32,-86.05,2024-09-04 10:24:00.995113,2024-09-04 10:56:51.672075,0 days 00:32:50.676962,32,0.0001812455134479277,12,0.0001073140611319152,0.0002463060379421595,11,0.999892685938868,4096,COMPLETE
33,33,-104.6,2024-09-04 10:25:59.354973,2024-09-04 10:58:50.801449,0 days 00:32:51.446476,32,0.0001812455134479277,12,0.0011713143467583207,0.0002463060379421595,11,0.9988286856532417,4096,COMPLETE
34,34,-103.05,2024-09-04 10:29:16.407881,2024-09-04 11:00:41.408497,0 days 00:31:25.000616,32,0.0001812455134479277,12,0.001205927389187267,0.0002463060379421595,11,0.9987940726108128,4096,COMPLETE
35,35,-15211.1,2024-09-04 10:44:41.701117,2024-09-04 11:18:38.912243,0 days 00:33:57.211126,32,0.00018091460465701362,6,0.0014607933610002325,0.0002658982733137795,10,0.9985392066389998,64,COMPLETE
36,36,,2024-09-04 10:45:26.787770,,,64,0.00014641089513956675,6,0.0017856837931609438,0.0002611880347391926,10,0.9982143162068391,64,RUNNING
37,37,,2024-09-04 10:49:44.266267,,,64,3.0575367157867753e-07,6,0.0017856837931609438,0.0002611880347391926,10,0.9982143162068391,64,RUNNING
38,38,-11228.55,2024-09-04 10:51:04.110153,2024-09-04 11:25:07.915869,0 days 00:34:03.805716,64,3.0575367157867753e-07,6,0.0017856837931609438,0.0002718186635058028,10,0.9982143162068391,64,COMPLETE
39,39,-17277.9,2024-09-04 10:51:25.542849,2024-09-04 11:19:01.321859,0 days 00:27:35.779010,64,3.0575367157867753e-07,6,0.0017856837931609438,0.0002718186635058028,10,0.9982143162068391,64,COMPLETE
40,40,-114753.5,2024-09-04 10:52:44.219754,2024-09-04 12:03:50.928037,0 days 01:11:06.708283,64,3.0575367157867753e-07,6,0.0017856837931609438,0.0002718186635058028,10,0.9982143162068391,64,COMPLETE
41,41,-202044.95,2024-09-04 10:53:25.260190,2024-09-04 11:56:40.276683,0 days 01:03:15.016493,64,3.0575367157867753e-07,6,0.0017856837931609438,0.0002718186635058028,10,0.9982143162068391,64,COMPLETE
42,42,-197058.1,2024-09-04 10:53:56.830980,2024-09-04 20:00:03.303468,0 days 09:06:06.472488,64,0.0008980745456803889,6,0.0014701894517408045,0.0002727871630463631,8,0.9985298105482592,64,COMPLETE
43,43,-134202.35,2024-09-04 10:56:52.012882,2024-09-04 12:50:02.448531,0 days 01:53:10.435649,64,3.0575367157867753e-07,6,0.0012756171858530954,0.0002802746863634059,10,0.9987243828141469,64,COMPLETE
44,44,-24379.3,2024-09-04 10:58:51.238510,2024-09-04 11:37:29.135982,0 days 00:38:37.897472,64,3.0575367157867753e-07,6,0.0012756171858530954,0.0002802746863634059,10,0.9987243828141469,64,COMPLETE
45,45,-94455.05,2024-09-04 11:00:41.583907,2024-09-04 12:17:56.421507,0 days 01:17:14.837600,64,3.0575367157867753e-07,6,0.0012756171858530954,0.0002849365911963957,10,0.9987243828141469,64,COMPLETE
46,46,-144.1,2024-09-04 11:14:27.268067,2024-09-04 11:39:57.142350,0 days 00:25:29.874283,64,0.0007167293557238996,11,0.001431193792069568,0.00027368653598249654,14,0.9985688062079304,2048,COMPLETE
47,47,-227.8,2024-09-04 11:18:39.029228,2024-09-04 11:40:23.588117,0 days 00:21:44.558889,64,0.0007167293557238996,11,0.06813916630659513,0.0001599416203357721,14,0.9318608336934049,2048,COMPLETE
48,48,-102.0,2024-09-04 11:19:01.558730,2024-09-04 11:33:10.506476,0 days 00:14:08.947746,64,5.7404548069710636e-05,11,0.0008010000166551464,0.00035636635051430985,8,0.9991989999833448,2048,COMPLETE
49,49,-93.25,2024-09-04 11:25:08.630802,2024-09-04 11:40:12.327765,0 days 00:15:03.696963,64,5.7404548069710636e-05,11,0.0008010000166551464,0.00035636635051430985,8,0.9991989999833448,2048,COMPLETE
50,50,-149.55,2024-09-04 11:33:10.725530,2024-09-04 11:48:27.529082,0 days 00:15:16.803552,64,0.0008525760524352697,11,0.0843223003826934,0.00029518285758669573,9,0.9156776996173066,2048,COMPLETE
51,51,-276.65,2024-09-04 11:37:29.432533,2024-09-04 12:02:03.294679,0 days 00:24:33.862146,64,0.009302879578519207,11,0.0003389179177156797,0.000297185098780385,14,0.9996610820822843,2048,COMPLETE
52,52,-216.05,2024-09-04 11:39:57.316998,2024-09-04 12:06:40.883764,0 days 00:26:43.566766,64,0.0008998008781856517,11,0.07424149999112645,0.0002964482465497099,15,0.9257585000088735,2048,COMPLETE
53,53,-8917.2,2024-09-04 11:40:12.718266,2024-09-04 12:01:29.884034,0 days 00:21:17.165768,64,0.001290748161060749,7,0.0003278592650912852,0.0002987688018242178,9,0.9996721407349087,128,COMPLETE
54,54,-747.7,2024-09-04 11:40:23.686195,2024-09-04 12:03:30.606447,0 days 00:23:06.920252,64,0.009279179061678123,9,0.0003538100097944838,0.0002964482465497099,15,0.9996461899902055,512,COMPLETE
55,55,-34248.9,2024-09-04 11:48:27.666922,2024-09-04 12:39:53.745613,0 days 00:51:26.078691,64,0.003963406325585517,7,0.0003059163154102166,0.00016426343463307182,13,0.9996940836845898,128,COMPLETE
56,56,-92.1,2024-09-04 11:56:40.646024,2024-09-04 12:09:26.230541,0 days 00:12:45.584517,64,0.009679021908432563,12,0.0003266239290037507,0.00019212000889048839,6,0.9996733760709963,4096,COMPLETE
57,57,-1358.15,2024-09-04 12:01:30.087669,2024-09-04 12:23:08.862645,0 days 00:21:38.774976,64,0.003963406325585517,9,0.0006175274759033845,0.00016426343463307182,13,0.9993824725240966,512,COMPLETE
58,58,-3474.0,2024-09-04 12:02:03.414861,2024-09-04 12:27:31.439082,0 days 00:25:28.024221,64,0.0035307944458505447,9,0.0005944398475025291,0.00011133665452545611,15,0.9994055601524975,512,COMPLETE
59,59,-60.85,2024-09-04 12:03:30.706695,2024-09-04 12:16:33.133869,0 days 00:13:02.427174,64,0.00451134884263571,12,0.000639080090928031,0.00019212000889048839,6,0.9993609199090719,4096,COMPLETE
60,60,-96.8,2024-09-04 12:03:51.113084,2024-09-04 12:36:01.145468,0 days 00:32:10.032384,16,0.00451134884263571,12,0.0005631747650596276,0.00019212000889048839,6,0.9994368252349404,4096,COMPLETE
61,61,-98.55,2024-09-04 12:06:41.040333,2024-09-04 12:45:11.223780,0 days 00:38:30.183447,16,0.00451134884263571,12,0.0005631747650596276,0.00019212000889048839,6,0.9994368252349404,4096,COMPLETE
62,62,-104.65,2024-09-04 12:09:26.328142,2024-09-04 12:45:35.276571,0 days 00:36:08.948429,32,0.004485665795710233,12,0.0006552228985982455,0.0001914914838540617,13,0.9993447771014018,4096,COMPLETE
63,63,-88.8,2024-09-04 12:16:33.247630,2024-09-04 13:24:06.797597,0 days 01:07:33.549967,16,0.002714658150834404,12,0.0006552228985982455,0.00018619199605711298,13,0.9993447771014018,4096,COMPLETE
64,64,-90.65,2024-09-04 12:17:56.749390,2024-09-04 13:24:51.590524,0 days 01:06:54.841134,16,0.0036014444615702127,12,0.0005631747650596276,0.00018891149732289084,13,0.9994368252349404,4096,COMPLETE
65,65,-85.75,2024-09-04 12:23:09.018770,2024-09-04 12:50:27.537803,0 days 00:27:18.519033,16,0.003926066361116705,12,0.0002421217086153814,0.00020174700750175974,5,0.9997578782913846,4096,COMPLETE
66,66,-108.1,2024-09-04 12:27:31.580638,2024-09-04 12:58:58.530983,0 days 00:31:26.950345,16,0.0031796891210755475,12,0.0002559882621906176,0.00018319075022098778,5,0.9997440117378094,4096,COMPLETE
67,67,-79.45,2024-09-04 12:36:02.015344,2024-09-04 12:58:50.712440,0 days 00:22:48.697096,16,0.0014077551683461162,12,0.00023629893769156667,0.00036942058107589353,4,0.9997637010623084,4096,COMPLETE
68,68,-84.6,2024-09-04 12:39:53.895446,2024-09-04 13:09:01.182483,0 days 00:29:07.287037,16,0.0015686111909057015,12,0.0002421217086153814,0.00034427068351317253,5,0.9997578782913846,4096,COMPLETE
69,69,-90.35,2024-09-04 12:45:11.390531,2024-09-04 12:56:22.078061,0 days 00:11:10.687530,64,0.0014077551683461162,12,0.00023629893769156667,0.00036942058107589353,4,0.9997637010623084,4096,COMPLETE
70,70,-87.6,2024-09-04 12:45:35.403379,2024-09-04 12:57:10.356128,0 days 00:11:34.952749,64,0.0013955574501103769,12,0.00021698152706606106,0.0003657434481156158,5,0.9997830184729339,4096,COMPLETE
71,71,-193.35,2024-09-04 12:50:02.766485,2024-09-04 13:01:20.557460,0 days 00:11:17.790975,64,0.0014508511778680206,10,0.00016649775911596598,0.00037196486605296645,5,0.9998335022408841,1024,COMPLETE
72,72,-107.95,2024-09-04 12:50:27.754699,2024-09-04 13:20:44.080698,0 days 00:30:16.325999,16,0.0015712281080813378,12,0.00024497389140681165,0.00037229371458552925,5,0.9997550261085932,4096,COMPLETE
73,73,-86.35,2024-09-04 12:56:22.460922,2024-09-04 13:29:21.220290,0 days 00:32:58.759368,16,0.0016912321289707898,12,0.00017597884597692095,0.00020843867500969966,5,0.999824021154023,4096,COMPLETE
74,74,-101.85,2024-09-04 12:57:10.454857,2024-09-04 13:25:38.627004,0 days 00:28:28.172147,16,0.0023999831648178704,12,0.0001556496596017685,0.0002092252714572766,5,0.9998443503403982,4096,COMPLETE
75,75,-59.75,2024-09-04 12:58:50.866303,2024-09-04 13:21:42.345088,0 days 00:22:51.478785,16,0.00042036969688247845,12,0.00046383936111456893,0.00033719933860622704,4,0.9995361606388854,4096,COMPLETE
76,76,-820.1,2024-09-04 12:58:58.662739,2024-09-04 13:24:27.296736,0 days 00:25:28.633997,16,0.00045914166363713726,10,0.0001556496596017685,0.00033030039788197114,4,0.9998443503403982,1024,COMPLETE
77,77,-102.85,2024-09-04 13:01:20.706745,2024-09-04 13:26:17.679142,0 days 00:24:56.972397,16,0.0005275171452329775,12,0.0009173262108349416,0.0003354081023505477,4,0.999082673789165,4096,COMPLETE
78,78,-105.5,2024-09-04 13:09:01.784804,2024-09-04 13:32:40.229552,0 days 00:23:38.444748,16,0.002012156987254547,11,0.00046509554145084207,0.0003386582884843831,4,0.9995349044585492,2048,COMPLETE
79,79,-110.3,2024-09-04 13:20:46.181663,2024-09-04 13:48:06.845986,0 days 00:27:20.664323,16,0.0024877156665572262,11,0.0004489412407938473,0.0003272572221624236,4,0.9995510587592061,2048,COMPLETE
80,80,-117.15,2024-09-04 13:21:42.846700,2024-09-04 13:43:32.975581,0 days 00:21:50.128881,16,0.0023999831648178704,11,0.0004302847930475811,0.0003404244824292187,4,0.9995697152069524,2048,COMPLETE
81,81,-124.55,2024-09-04 13:24:06.931544,2024-09-04 13:47:51.735983,0 days 00:23:44.804439,16,0.006053570915755384,11,0.00046383936111456893,0.00033719933860622704,4,0.9995361606388854,2048,COMPLETE
82,82,-82.95,2024-09-04 13:24:27.439563,2024-09-04 13:51:03.660328,0 days 00:26:36.220765,16,0.006638958292536747,12,0.00045984155629821204,0.0003384342535436685,4,0.9995401584437018,4096,COMPLETE
83,83,-99.65,2024-09-04 13:24:51.872493,2024-09-04 13:48:17.548394,0 days 00:23:25.675901,16,0.006520273419059714,11,0.0008350421136664035,0.000341166726890259,4,0.9991649578863336,2048,COMPLETE
84,84,-124.55,2024-09-04 13:25:38.727458,2024-09-04 13:48:46.146266,0 days 00:23:07.418808,16,0.006638958292536747,11,0.00045984155629821204,0.0003384342535436685,4,0.9995401584437018,2048,COMPLETE
85,85,-111.7,2024-09-04 13:26:17.838860,2024-09-04 13:50:26.175277,0 days 00:24:08.336417,16,0.0062281530884161496,11,0.0004685263861337539,0.0003161733422645696,4,0.9995314736138663,2048,COMPLETE
86,86,-126.2,2024-09-04 13:29:21.375304,2024-09-04 13:55:14.060035,0 days 00:25:52.684731,16,0.007737150956759996,11,0.0004302847930475811,0.0003131116042813694,4,0.9995697152069524,2048,COMPLETE
87,87,-125.3,2024-09-04 13:32:40.386794,2024-09-04 13:56:07.382722,0 days 00:23:26.995928,16,4.341331516812301e-06,11,0.0004230023613487065,0.0003095275290423072,4,0.9995769976386513,2048,COMPLETE
88,88,-91.45,2024-09-04 13:43:33.742103,2024-09-04 14:06:20.108337,0 days 00:22:46.366234,16,0.006638958292536747,12,0.00045984155629821204,0.00031897600164533486,4,0.9995401584437018,4096,COMPLETE
89,89,-91.75,2024-09-04 13:47:51.897324,2024-09-04 14:12:30.624490,0 days 00:24:38.727166,16,0.007737150956759996,12,0.0002814578710170076,0.0003131116042813694,4,0.999718542128983,4096,COMPLETE
90,90,-75.85,2024-09-04 13:48:07.292035,2024-09-04 14:00:04.937686,0 days 00:11:57.645651,64,0.0069431527176870185,12,0.00724830831768204,0.000313730134804416,4,0.9927516916823179,4096,COMPLETE
91,91,-92.85,2024-09-04 13:48:18.431828,2024-09-04 14:09:03.895036,0 days 00:20:45.463208,64,0.0062281530884161496,12,0.005695524605580519,0.0003161733422645696,12,0.9943044753944195,4096,COMPLETE
92,92,-106.45,2024-09-04 13:48:46.244307,2024-09-04 14:03:38.768244,0 days 00:14:52.523937,32,4.341331516812301e-06,12,0.0002791546217966396,0.0003956228413304875,4,0.9997208453782034,4096,COMPLETE
93,93,-90.25,2024-09-04 13:50:26.621031,2024-09-04 14:05:55.427022,0 days 00:15:28.805991,32,0.0002934550780426614,12,0.008081442633128199,0.00031281972203947225,4,0.9919185573668718,4096,COMPLETE
94,94,-140.55,2024-09-04 13:51:03.866589,2024-09-04 14:13:34.921639,0 days 00:22:31.055050,64,0.0011300516185244573,12,0.00029749917925495865,0.0003132396587207272,12,0.9997025008207451,4096,COMPLETE
95,95,-93.55,2024-09-04 13:55:14.208260,2024-09-04 14:18:27.794254,0 days 00:23:13.585994,64,0.001110836736695546,12,0.0009811401909654372,0.00038581561123073553,12,0.9990188598090346,4096,COMPLETE
96,96,-119.4,2024-09-04 13:56:07.524423,2024-09-04 14:16:34.230035,0 days 00:20:26.705612,64,0.0009687217732674395,12,0.0002819430218936828,0.0003969170855445838,12,0.9997180569781063,4096,COMPLETE
97,97,-100.15,2024-09-04 14:00:05.123997,2024-09-04 14:24:10.893942,0 days 00:24:05.769945,64,0.0010155293299292563,12,0.007645368643702804,0.0003978904941125086,12,0.9923546313562972,4096,COMPLETE
98,98,-84.2,2024-09-04 14:03:38.890779,2024-09-04 14:23:45.370676,0 days 00:20:06.479897,64,0.0009687217732674395,12,0.008900706987339064,0.00037863098311868853,12,0.991099293012661,4096,COMPLETE
99,99,-140.2,2024-09-04 14:05:55.826540,2024-09-04 14:27:14.673835,0 days 00:21:18.847295,64,0.001110836736695546,12,0.007067943629570375,0.00038581561123073553,12,0.9929320563704296,4096,COMPLETE
100,100,-110.5,2024-09-04 14:06:20.277545,2024-09-04 14:26:29.463341,0 days 00:20:09.185796,64,0.0011300516185244573,12,0.02089969224668403,0.00037536233318139086,12,0.979100307753316,4096,COMPLETE
101,101,-63.1,2024-09-04 14:09:04.164786,2024-09-04 14:22:08.865098,0 days 00:13:04.700312,64,0.0009576539133701438,12,0.02698099661408986,0.0003797410403435782,6,0.9730190033859102,4096,COMPLETE
102,102,-115.0,2024-09-04 14:12:30.744095,2024-09-04 14:25:40.636966,0 days 00:13:09.892871,64,0.0009076210554363288,12,0.007470086488040546,0.00035120763500357693,6,0.9925299135119594,4096,COMPLETE
103,103,-125.9,2024-09-04 14:13:35.052144,2024-09-04 14:27:56.820095,0 days 00:14:21.767951,64,0.009773535414365013,12,0.003042872408454086,0.00037932865969413803,6,0.9969571275915459,4096,COMPLETE
104,104,-67.9,2024-09-04 14:16:34.578279,2024-09-04 14:29:34.558716,0 days 00:12:59.980437,64,0.0019145669206655142,12,0.03319629191302038,0.0003546966579132874,6,0.9668037080869796,4096,COMPLETE
105,105,-65.85,2024-09-04 14:18:27.953302,2024-09-04 14:33:03.841112,0 days 00:14:35.887810,64,0.004802818067370475,12,0.02089969224668403,0.00037721283267516133,6,0.979100307753316,4096,COMPLETE
106,106,-84.95,2024-09-04 14:22:09.299491,2024-09-04 14:35:09.384199,0 days 00:13:00.084708,64,1.0889808090826566e-08,12,0.03452439385737502,0.00035549251283772623,6,0.965475606142625,4096,COMPLETE
107,107,-132.9,2024-09-04 14:23:45.470153,2024-09-04 14:36:24.402895,0 days 00:12:38.932742,64,0.005017647757428675,12,0.020239804715739874,0.0003546966579132874,6,0.9797601952842602,4096,COMPLETE
108,108,-95.8,2024-09-04 14:24:11.203102,2024-09-04 14:39:16.628640,0 days 00:15:05.425538,64,0.00012928678856741834,12,0.02376555657732622,0.00035711270086027285,6,0.9762344434226737,4096,COMPLETE
109,109,-97.15,2024-09-04 14:25:40.744838,2024-09-04 14:38:46.299012,0 days 00:13:05.554174,64,0.0006063602983396874,12,0.02089969224668403,0.0003763832761279434,6,0.979100307753316,4096,COMPLETE
