,number,value,datetime_start,datetime_complete,duration,params_batch_size,params_ent_coef,params_exponent_n_steps,params_gamma,params_lr,params_n_epochs,user_attrs_gamma_,user_attrs_n_steps,state
329,329,-93.0,2024-09-04 21:59:05.980931,2024-09-04 22:13:17.805332,0 days 00:14:11.824401,64,0.00012745017650271181,12,0.004054924476636276,0.0001818694764364916,6,0.9959450755233638,4096,COMPLETE
330,330,-78.1,2024-09-04 21:59:33.379271,2024-09-04 22:20:21.473365,0 days 00:20:48.094094,64,5.1672253285633697e-08,12,0.056977751523355366,0.00019222411323739432,12,0.9430222484766446,4096,COMPLETE
331,331,-66.5,2024-09-04 22:02:13.298670,2024-09-04 22:13:44.346117,0 days 00:11:31.047447,64,4.7556939538786114e-08,12,0.00603018734938798,0.0001856421291084147,4,0.993969812650612,4096,COMPLETE
332,332,-76.5,2024-09-04 22:06:21.636981,2024-09-04 22:16:49.294296,0 days 00:10:27.657315,64,4.7556939538786114e-08,12,0.00603018734938798,0.0001856421291084147,4,0.993969812650612,4096,COMPLETE
333,333,-103.1,2024-09-04 22:07:48.458584,2024-09-04 22:26:20.661094,0 days 00:18:32.202510,64,0.002564150524368245,12,0.004283888756180399,0.0001836181490840064,11,0.9957161112438196,4096,COMPLETE
334,334,-93.5,2024-09-04 22:11:35.875836,2024-09-04 22:23:07.500965,0 days 00:11:31.625129,64,4.7556939538786114e-08,12,0.00603018734938798,0.00019516495210200325,4,0.993969812650612,4096,COMPLETE
335,335,-91.85,2024-09-04 22:13:17.929401,2024-09-04 22:24:42.085038,0 days 00:11:24.155637,64,0.00278078673307272,12,0.022504743234907466,0.00019966016558978003,4,0.9774952567650925,4096,COMPLETE
336,336,-90.8,2024-09-04 22:13:44.514630,2024-09-04 22:34:51.153619,0 days 00:21:06.638989,64,4.461792746059476e-08,12,0.005111937501165606,0.00019679959283278685,11,0.9948880624988344,4096,COMPLETE
337,337,-107.5,2024-09-04 22:15:36.661156,2024-09-04 22:36:47.092398,0 days 00:21:10.431242,64,3.9670028319780414e-08,12,0.004476185468841454,0.00019494343769811004,11,0.9955238145311586,4096,COMPLETE
338,338,-100.0,2024-09-04 22:16:49.442427,2024-09-04 22:36:06.385948,0 days 00:19:16.943521,64,4.126204601242578e-08,12,0.005111937501165606,0.00019679959283278685,11,0.9948880624988344,4096,COMPLETE
339,339,-457.55,2024-09-04 22:17:49.620239,2024-09-04 22:28:03.848740,0 days 00:10:14.228501,64,3.972600552548867e-08,10,0.00015705625740033763,0.00018758398661386408,4,0.9998429437425996,1024,COMPLETE
340,340,-250.4,2024-09-04 22:18:34.346374,2024-09-04 22:28:28.975109,0 days 00:09:54.628735,64,3.972600552548867e-08,10,0.00015705625740033763,0.0003622305577312276,4,0.9998429437425996,1024,COMPLETE
341,341,-94.7,2024-09-04 22:19:17.886832,2024-09-04 22:38:29.078472,0 days 00:19:11.191640,64,3.9670028319780414e-08,12,0.004476185468841454,0.00019494343769811004,11,0.9955238145311586,4096,COMPLETE
342,342,-97.05,2024-09-04 22:20:22.188297,2024-09-04 22:39:49.424274,0 days 00:19:27.235977,64,3.9670028319780414e-08,12,0.004476185468841454,0.00019938758551239877,11,0.9955238145311586,4096,COMPLETE
343,343,-60.8,2024-09-04 22:23:07.651641,2024-09-04 22:44:28.929634,0 days 00:21:21.277993,64,4.126204601242578e-08,12,0.005111937501165606,0.00019679959283278685,11,0.9948880624988344,4096,COMPLETE
344,344,-412.65,2024-09-04 22:24:42.220601,2024-09-04 22:35:36.372912,0 days 00:10:54.152311,64,0.0004068757068688157,10,0.004989008650312468,0.00028998870989377,4,0.9950109913496875,1024,COMPLETE
345,345,-261.0,2024-09-04 22:26:20.774996,2024-09-04 22:35:57.187104,0 days 00:09:36.412108,64,5.449047453403887e-06,10,0.0033305496643594662,0.0003528523787132074,4,0.9966694503356406,1024,COMPLETE
346,346,-83.25,2024-09-04 22:28:04.013484,2024-09-04 22:41:04.456949,0 days 00:13:00.443465,64,0.0004542046522146037,12,0.0002167600646430139,0.00035420554858136747,6,0.999783239935357,4096,COMPLETE
347,347,-110.6,2024-09-04 22:28:29.143933,2024-09-04 22:41:28.457004,0 days 00:12:59.313071,64,0.0004542046522146037,12,0.0002167600646430139,0.00035420554858136747,6,0.999783239935357,4096,COMPLETE
348,348,-95.15,2024-09-04 22:34:51.304172,2024-09-04 22:48:58.594540,0 days 00:14:07.290368,64,0.0020819651887138634,12,0.004476185468841454,0.00034725075821995835,6,0.9955238145311586,4096,COMPLETE
349,349,-83.7,2024-09-04 22:35:36.519688,2024-09-04 22:49:44.057210,0 days 00:14:07.537522,64,0.002160882261513394,12,0.00022787776586921332,0.00035383894536504523,6,0.9997721222341308,4096,COMPLETE
350,350,-73.6,2024-09-04 22:35:57.301578,2024-09-04 22:48:35.230757,0 days 00:12:37.929179,64,0.009713299203908954,12,0.00022884073286665976,0.00039955120339781167,6,0.9997711592671333,4096,COMPLETE
351,351,-52.7,2024-09-04 22:36:06.557909,2024-09-04 22:49:03.616105,0 days 00:12:57.058196,64,0.0020819651887138634,12,0.025148259800767778,0.00036826437543230404,6,0.9748517401992323,4096,COMPLETE
352,352,-100.8,2024-09-04 22:36:47.299854,2024-09-04 22:50:51.656243,0 days 00:14:04.356389,64,0.0020600390896528564,12,0.01180487255099999,0.0003637688661082083,6,0.988195127449,4096,COMPLETE
353,353,-97.0,2024-09-04 22:38:29.312953,2024-09-04 22:58:26.262618,0 days 00:19:56.949665,32,0.0020600390896528564,12,0.01180487255099999,0.0003637688661082083,6,0.988195127449,4096,COMPLETE
354,354,-89.85,2024-09-04 22:39:49.601674,2024-09-04 22:59:55.916479,0 days 00:20:06.314805,32,0.0020600390896528564,12,0.01180487255099999,0.0003637688661082083,6,0.988195127449,4096,COMPLETE
355,355,-107.85,2024-09-04 22:41:04.609497,2024-09-04 23:01:01.558084,0 days 00:19:56.948587,32,0.003667174344684168,12,0.003103543346257778,0.0003693090523106346,6,0.9968964566537423,4096,COMPLETE
356,356,-76.25,2024-09-04 22:41:28.641973,2024-09-04 23:01:17.337870,0 days 00:19:48.695897,32,0.003667174344684168,12,0.003103543346257778,0.0003693090523106346,6,0.9968964566537423,4096,COMPLETE
357,357,-93.85,2024-09-04 22:44:29.095933,2024-09-04 23:01:20.411463,0 days 00:16:51.315530,32,2.1332539108094505e-08,12,0.0063120238772284565,0.00018945970964196382,4,0.9936879761227715,4096,COMPLETE
358,358,-89.3,2024-09-04 22:48:35.347405,2024-09-04 23:03:20.008205,0 days 00:14:44.660800,32,1.6931461697919222e-06,12,0.011869390890821455,0.00018924640553521723,4,0.9881306091091785,4096,COMPLETE
359,359,-73.4,2024-09-04 22:48:58.765228,2024-09-04 23:05:37.157606,0 days 00:16:38.392378,32,2.2267748990590408e-08,12,0.007854389167995638,0.00017810453133788867,4,0.9921456108320044,4096,COMPLETE
360,360,-62.95,2024-09-04 22:49:03.789898,2024-09-04 23:02:01.283397,0 days 00:12:57.493499,64,2.1048107938127174e-08,12,0.003257769117920358,0.00017810453133788867,6,0.9967422308820797,4096,COMPLETE
361,361,-145.3,2024-09-04 22:49:44.185413,2024-09-04 23:16:14.656540,0 days 00:26:30.471127,64,2.0396877109040865e-08,12,0.0036963621854240996,0.00036945276511841544,15,0.9963036378145759,4096,COMPLETE
362,362,-86.15,2024-09-04 22:50:51.929972,2024-09-04 23:19:21.365381,0 days 00:28:29.435409,64,7.888017270838038e-08,12,0.003139685003059787,0.0003730012451776057,15,0.9968603149969402,4096,COMPLETE
363,363,-59.05,2024-09-04 22:58:26.380378,2024-09-04 23:22:49.554635,0 days 00:24:23.174257,64,7.888017270838038e-08,12,0.003139685003059787,0.00018991344805214562,15,0.9968603149969402,4096,COMPLETE
364,364,-175.45,2024-09-04 22:59:56.156263,2024-09-04 23:24:19.028539,0 days 00:24:22.872276,64,7.888017270838038e-08,12,0.003139685003059787,0.00018991344805214562,15,0.9968603149969402,4096,COMPLETE
365,365,-137.5,2024-09-04 23:01:01.839854,2024-09-04 23:25:19.305470,0 days 00:24:17.465616,64,2.0644305372683354e-08,12,0.0241060918055963,0.000375927511712508,15,0.9758939081944037,4096,COMPLETE
366,366,-127.65,2024-09-04 23:01:17.519693,2024-09-04 23:25:33.148607,0 days 00:24:15.628914,64,2.0644305372683354e-08,12,0.0241060918055963,0.0001574846655278617,15,0.9758939081944037,4096,COMPLETE
367,367,-106.3,2024-09-04 23:01:20.666785,2024-09-04 23:27:54.954972,0 days 00:26:34.288187,64,2.1048107938127174e-08,12,0.025650098450379407,0.00017810453133788867,15,0.9743499015496206,4096,COMPLETE
368,368,-124.95,2024-09-04 23:02:01.431677,2024-09-04 23:26:04.897714,0 days 00:24:03.466037,64,8.172754421435919e-08,12,0.002409148394316817,0.00017919908687765639,15,0.9975908516056832,4096,COMPLETE
369,369,-119.75,2024-09-04 23:03:20.123822,2024-09-04 23:26:54.846836,0 days 00:23:34.723014,64,2.0131899419458493e-08,12,0.007002759745777257,0.00018053733820929825,15,0.9929972402542228,4096,COMPLETE
370,370,-90.8,2024-09-04 23:05:37.324481,2024-09-04 23:32:41.261113,0 days 00:27:03.936632,64,8.172754421435919e-08,12,0.002409148394316817,0.0001802489570278459,15,0.9975908516056832,4096,COMPLETE
371,371,-85.5,2024-09-04 23:16:14.796453,2024-09-04 23:30:24.828673,0 days 00:14:10.032220,64,1.4576145627805075e-08,12,0.002162303722707647,0.000178129039904697,6,0.9978376962772924,4096,COMPLETE
372,372,-76.05,2024-09-04 23:19:21.659448,2024-09-04 23:34:15.466250,0 days 00:14:53.806802,64,6.121397436550855e-08,12,0.0035082717548519655,0.00017910133038623915,6,0.9964917282451481,4096,COMPLETE
373,373,-108.15,2024-09-04 23:22:49.679540,2024-09-04 23:47:13.152405,0 days 00:24:23.472865,64,6.38037412065222e-08,12,0.0024899741605936727,0.00018042558490011007,15,0.9975100258394063,4096,COMPLETE
374,374,-98.0,2024-09-04 23:24:19.188039,2024-09-04 23:48:37.872727,0 days 00:24:18.684688,64,6.38037412065222e-08,12,0.0024899741605936727,0.00018042558490011007,15,0.9975100258394063,4096,COMPLETE
375,375,-71.4,2024-09-04 23:25:19.471910,2024-09-04 23:35:44.844879,0 days 00:10:25.372969,64,5.538692419597071e-08,12,0.007045546896179534,0.00018288727390619407,4,0.9929544531038205,4096,COMPLETE
376,376,-73.05,2024-09-04 23:25:33.352930,2024-09-04 23:35:54.943515,0 days 00:10:21.590585,64,5.538692419597071e-08,12,0.007045546896179534,0.00018288727390619407,4,0.9929544531038205,4096,COMPLETE
377,377,-79.95,2024-09-04 23:26:05.095869,2024-09-04 23:36:32.658955,0 days 00:10:27.563086,64,6.38037412065222e-08,12,0.0024899741605936727,0.0001496187670153703,4,0.9975100258394063,4096,COMPLETE
378,378,-102.05,2024-09-04 23:26:54.958092,2024-09-04 23:37:09.129262,0 days 00:10:14.171170,64,0.0008159898342719568,12,0.00208331963958077,0.0003337672352312732,4,0.9979166803604193,4096,COMPLETE
379,379,-88.35,2024-09-04 23:27:55.110908,2024-09-04 23:39:15.580251,0 days 00:11:20.469343,64,6.847732941693274e-08,12,0.0202084976274166,0.00018991344805214562,4,0.9797915023725834,4096,COMPLETE
380,380,-72.3,2024-09-04 23:30:25.005999,2024-09-04 23:41:39.902003,0 days 00:11:14.896004,64,6.046302305236386e-08,12,0.0037664563933341947,0.00014829747558932455,4,0.9962335436066658,4096,COMPLETE
381,381,-76.95,2024-09-04 23:32:41.417340,2024-09-04 23:44:13.554755,0 days 00:11:32.137415,64,6.38037412065222e-08,12,0.0037946252703487445,0.0001496187670153703,4,0.9962053747296512,4096,COMPLETE
382,382,-94.45,2024-09-04 23:34:15.666269,2024-09-04 23:46:10.008822,0 days 00:11:54.342553,64,0.004364582124153182,12,0.0025496088274940833,0.00014956301677597803,4,0.9974503911725059,4096,COMPLETE
383,383,-97.95,2024-09-04 23:35:44.991091,2024-09-04 23:55:03.887980,0 days 00:19:18.896889,64,1.9471659732296191e-07,12,0.01999771897357346,0.00033358726491805596,11,0.9800022810264265,4096,COMPLETE
384,384,-90.95,2024-09-04 23:35:55.147436,2024-09-04 23:55:00.177517,0 days 00:19:05.030081,64,1.9471659732296191e-07,12,0.01999771897357346,0.00033358726491805596,11,0.9800022810264265,4096,COMPLETE
385,385,-70.85,2024-09-04 23:36:32.821211,2024-09-04 23:47:03.632227,0 days 00:10:30.811016,64,0.004364582124153182,12,0.022369417552947354,0.00019178727820441457,4,0.9776305824470527,4096,COMPLETE
386,386,-96.55,2024-09-04 23:37:09.246449,2024-09-04 23:47:19.479176,0 days 00:10:10.232727,64,0.004138708928499053,12,0.02121096926259757,0.00019022016873522835,4,0.9787890307374024,4096,COMPLETE
387,387,-86.35,2024-09-04 23:39:15.755745,2024-09-05 00:00:15.088657,0 days 00:20:59.332912,64,0.004309950420959914,12,0.0016715377986696472,0.0003799981947130596,11,0.9983284622013303,4096,COMPLETE
388,388,-107.1,2024-09-04 23:41:40.044426,2024-09-05 00:02:27.847855,0 days 00:20:47.803429,64,2.425388091233233e-07,12,0.005228224827882657,0.0003832897317837299,11,0.9947717751721173,4096,COMPLETE
389,389,-112.15,2024-09-04 23:44:13.715540,2024-09-04 23:58:48.301264,0 days 00:14:34.585724,64,0.004364582124153182,12,0.042286990869702556,0.00038000767439675813,6,0.9577130091302974,4096,COMPLETE
390,390,-112.2,2024-09-04 23:46:10.179704,2024-09-05 00:25:42.423498,0 days 00:39:32.243794,16,0.005862669168267807,12,0.0015731411420235382,0.0003780595061881733,6,0.9984268588579764,4096,COMPLETE
391,391,-60.15,2024-09-04 23:47:03.784757,2024-09-05 00:20:20.611144,0 days 00:33:16.826387,16,0.005862669168267807,12,0.0015731411420235382,0.0003780595061881733,6,0.9984268588579764,4096,COMPLETE
392,392,-78.45,2024-09-04 23:47:13.268487,2024-09-05 00:21:00.642225,0 days 00:33:47.373738,16,0.006474519931040351,12,0.042286990869702556,0.00038000767439675813,6,0.9577130091302974,4096,COMPLETE
393,393,-69.0,2024-09-04 23:47:19.585749,2024-09-05 00:42:08.694281,0 days 00:54:49.108532,16,1.9471659732296191e-07,12,0.04296657152114874,0.00037846084924548834,11,0.9570334284788513,4096,COMPLETE
394,394,-64.15,2024-09-04 23:48:38.028804,2024-09-05 00:22:29.164802,0 days 00:33:51.135998,16,0.006474519931040351,12,0.042286990869702556,0.00038000767439675813,6,0.9577130091302974,4096,COMPLETE
395,395,-105.0,2024-09-04 23:55:00.343978,2024-09-05 00:37:49.711820,0 days 00:42:49.367842,16,0.005858476025602435,12,0.0050803435843587924,0.00038379326727017274,8,0.9949196564156412,4096,COMPLETE
396,396,-92.7,2024-09-04 23:55:04.049431,2024-09-05 00:38:31.691084,0 days 00:43:27.641653,16,0.005858476025602435,12,0.0050803435843587924,0.00038379326727017274,8,0.9949196564156412,4096,COMPLETE
397,397,-111.65,2024-09-04 23:58:48.492095,2024-09-05 00:37:32.850559,0 days 00:38:44.358464,16,0.005862669168267807,12,0.0015731411420235382,0.0003982339116194862,6,0.9984268588579764,4096,COMPLETE
398,398,-73.1,2024-09-05 00:00:15.228590,2024-09-05 00:37:18.506600,0 days 00:37:03.278010,16,0.006474519931040351,12,0.006135344551445282,0.00039955120339781167,6,0.9938646554485547,4096,COMPLETE
399,399,-100.65,2024-09-05 00:02:27.956798,2024-09-05 00:48:49.333677,0 days 00:46:21.376879,16,0.005694246631794417,12,0.07292644922448724,0.00018742616238543895,8,0.9270735507755128,4096,COMPLETE
400,400,-105.95,2024-09-05 00:20:20.759319,2024-09-05 00:53:37.246804,0 days 00:33:16.487485,16,0.0061279281019365785,12,0.0015153103911301293,0.00039748954953789994,6,0.9984846896088698,4096,COMPLETE
401,401,-100.95,2024-09-05 00:21:00.768271,2024-09-05 00:54:44.854868,0 days 00:33:44.086597,16,0.005862669168267807,12,0.0015731411420235382,0.0003982339116194862,6,0.9984268588579764,4096,COMPLETE
402,402,-74.7,2024-09-05 00:22:29.439325,2024-09-05 00:56:39.983545,0 days 00:34:10.544220,16,0.005934011675329508,12,0.0015731411420235382,0.0003982339116194862,6,0.9984268588579764,4096,COMPLETE
403,403,-110.5,2024-09-05 00:25:42.597858,2024-09-05 01:03:27.604997,0 days 00:37:45.007139,16,0.007645823260719497,12,0.05304779121024073,0.00038886975262319317,6,0.9469522087897593,4096,COMPLETE
404,404,-61.9,2024-09-05 00:37:18.676354,2024-09-05 01:14:49.244739,0 days 00:37:30.568385,16,0.007872942136810354,12,0.0011301746287829208,0.0003982339116194862,6,0.998869825371217,4096,COMPLETE
405,405,-93.15,2024-09-05 00:37:33.078665,2024-09-05 01:16:16.600380,0 days 00:38:43.521715,16,0.00815730604527543,12,0.05304779121024073,0.0003848860452357373,6,0.9469522087897593,4096,COMPLETE
406,406,-74.35,2024-09-05 00:37:49.884896,2024-09-05 01:10:48.159947,0 days 00:32:58.275051,16,0.003217443021351886,12,0.0013099273872925316,0.0003755075673451328,6,0.9986900726127075,4096,COMPLETE
407,407,-72.1,2024-09-05 00:38:31.837971,2024-09-05 01:12:26.591374,0 days 00:33:54.753403,16,0.003217443021351886,12,0.0013099273872925316,0.0003755075673451328,6,0.9986900726127075,4096,COMPLETE
408,408,-67.2,2024-09-05 00:42:08.807989,2024-09-05 01:14:23.568824,0 days 00:32:14.760835,16,0.009903140413688024,12,0.0012635041106268102,0.0001563135577583596,6,0.9987364958893732,4096,COMPLETE
409,409,-123.25,2024-09-05 00:48:49.457214,2024-09-05 01:24:38.540102,0 days 00:35:49.082888,16,0.0031502298760851598,12,0.0013246879099032519,0.00039234885661795907,6,0.9986753120900967,4096,COMPLETE
410,410,-98.45,2024-09-05 00:53:37.440051,2024-09-05 01:26:42.340690,0 days 00:33:04.900639,16,0.008018028968954772,12,0.0012019246985892913,0.00010977261688577294,6,0.9987980753014107,4096,COMPLETE
411,411,-75.6,2024-09-05 00:54:44.971978,2024-09-05 01:28:24.602120,0 days 00:33:39.630142,16,0.00819758932199886,12,0.05304779121024073,0.00036701949944896087,6,0.9469522087897593,4096,COMPLETE
412,412,-62.2,2024-09-05 00:56:40.152522,2024-09-05 01:30:26.012471,0 days 00:33:45.859949,16,0.00819758932199886,12,0.05304779121024073,0.00036701949944896087,6,0.9469522087897593,4096,COMPLETE
413,413,-93.55,2024-09-05 01:03:27.801593,2024-09-05 01:40:56.385752,0 days 00:37:28.584159,16,0.009487130495122594,12,0.0012019246985892913,0.00010977261688577294,6,0.9987980753014107,4096,COMPLETE
414,414,-83.55,2024-09-05 01:10:48.331516,2024-09-05 01:44:07.019630,0 days 00:33:18.688114,16,0.008454713795465292,12,0.0019312792709419346,0.00036480178133966364,6,0.9980687207290581,4096,COMPLETE
415,415,-112.85,2024-09-05 01:12:26.754280,2024-09-05 01:46:28.023180,0 days 00:34:01.268900,16,0.008454713795465292,12,0.0019312792709419346,0.00036480178133966364,6,0.9980687207290581,4096,COMPLETE
416,416,-79.2,2024-09-05 01:14:23.683915,2024-09-05 01:47:02.426489,0 days 00:32:38.742574,16,0.008103459661180574,12,0.038795717206704126,0.0003620561208946481,6,0.9612042827932958,4096,COMPLETE
417,417,-130.9,2024-09-05 01:14:49.435548,2024-09-05 02:23:32.552749,0 days 01:08:43.117201,16,0.008194086674748293,12,0.0364303361783347,0.0003427660979098594,13,0.9635696638216653,4096,COMPLETE
418,418,-176.95,2024-09-05 01:16:16.819506,2024-09-05 02:30:13.774390,0 days 01:13:56.954884,16,0.008018028968954772,11,0.0010884149059393884,0.00010977261688577294,13,0.9989115850940606,2048,COMPLETE
419,419,-127.65,2024-09-05 01:24:38.723763,2024-09-05 01:58:03.384479,0 days 00:33:24.660716,16,0.00802550216095944,11,0.0005802401826224266,0.00019965348605715752,6,0.9994197598173776,2048,COMPLETE
420,420,-80.1,2024-09-05 01:26:42.759107,2024-09-05 01:59:39.262173,0 days 00:32:56.503066,16,0.009954420493162234,12,0.0005805835142558333,0.0003649871105666491,6,0.9994194164857442,4096,COMPLETE
421,421,-2524.45,2024-09-05 01:28:24.747107,2024-09-05 02:40:36.302619,0 days 01:12:11.555512,16,0.008018028968954772,6,0.0010884149059393884,0.0001534372613260441,13,0.9989115850940606,64,COMPLETE
422,422,-125.8,2024-09-05 01:30:26.228608,2024-09-05 02:03:11.921935,0 days 00:32:45.693327,16,0.008018028968954772,11,0.0010884149059393884,0.0003415081214121366,6,0.9989115850940606,2048,COMPLETE
423,423,-87.2,2024-09-05 01:40:56.592222,2024-09-05 02:18:25.474526,0 days 00:37:28.882304,16,0.009954420493162234,12,0.0018641869644726637,0.00035952635719237966,6,0.9981358130355273,4096,COMPLETE
424,424,-75.2,2024-09-05 01:44:07.234485,2024-09-05 02:17:28.253723,0 days 00:33:21.019238,16,0.007417097185835645,12,0.058023538600288624,0.0003603597179556884,6,0.9419764613997114,4096,COMPLETE
425,425,-72.05,2024-09-05 01:46:28.182429,2024-09-05 02:20:28.984222,0 days 00:34:00.801793,16,0.007417097185835645,12,0.058023538600288624,0.00015926480292098098,6,0.9419764613997114,4096,COMPLETE
426,426,-94.05,2024-09-05 01:47:02.566223,2024-09-05 02:19:52.713894,0 days 00:32:50.147671,16,0.00471277732218914,12,0.03532166987838778,0.0003485663983558173,6,0.9646783301216122,4096,COMPLETE
427,427,-60.35,2024-09-05 01:58:03.506360,2024-09-05 03:06:47.461183,0 days 01:08:43.954823,16,3.1219865314604538e-06,12,0.06409611707856819,0.00034605225378070187,13,0.9359038829214318,4096,COMPLETE
428,428,-102.0,2024-09-05 01:59:39.548953,2024-09-05 02:32:22.632535,0 days 00:32:43.083582,16,0.0043818539251413175,12,0.0009207408774136322,0.0003433313028836679,6,0.9990792591225863,4096,COMPLETE
429,429,-89.2,2024-09-05 02:03:12.088634,2024-09-05 02:37:07.912451,0 days 00:33:55.823817,16,0.004368757761996637,12,0.06498330468939519,0.0001562806000847005,6,0.9350166953106048,4096,COMPLETE
430,430,-110.7,2024-09-05 02:17:28.412601,2024-09-05 03:09:13.641341,0 days 00:51:45.228740,16,0.004441601630071406,12,0.0006885321968476822,0.00015416024581041044,10,0.9993114678031523,4096,COMPLETE
431,431,-104.65,2024-09-05 02:18:25.649640,2024-09-05 02:51:25.037144,0 days 00:32:59.387504,16,0.004294155468454178,12,0.0009207408774136322,0.00015564389599787576,5,0.9990792591225863,4096,COMPLETE
432,432,-109.6,2024-09-05 02:19:52.835971,2024-09-05 02:52:35.164346,0 days 00:32:42.328375,16,0.004278130867845461,12,0.0007616520921760235,0.00015926480292098098,6,0.999238347907824,4096,COMPLETE
433,433,-99.3,2024-09-05 02:20:29.199094,2024-09-05 03:10:55.844473,0 days 00:50:26.645379,16,0.004181661213001412,12,0.0006885321968476822,0.00015416024581041044,10,0.9993114678031523,4096,COMPLETE
434,434,-1220.6,2024-09-05 02:23:32.700645,2024-09-05 02:56:55.721722,0 days 00:33:23.021077,16,0.0014049761072783785,6,0.04416061322707505,0.0001534372613260441,6,0.9558393867729249,64,COMPLETE
435,435,-96.75,2024-09-05 02:30:13.939124,2024-09-05 03:02:55.916960,0 days 00:32:41.977836,16,0.003982642726243767,12,0.06498330468939519,0.0003846324542114894,5,0.9350166953106048,4096,COMPLETE
436,436,-125.1,2024-09-05 02:32:22.796219,2024-09-05 03:23:29.209801,0 days 00:51:06.413582,16,2.691032947669741e-06,12,0.06444501346647254,0.00038379326727017274,10,0.9355549865335274,4096,COMPLETE
437,437,-88.7,2024-09-05 02:37:08.087870,2024-09-05 03:06:15.060483,0 days 00:29:06.972613,16,0.003610270018645478,12,0.07367365842081063,0.00038681585779417314,5,0.9263263415791894,4096,COMPLETE
