,number,value,datetime_start,datetime_complete,duration,params_batch_size,params_ent_coef,params_exponent_n_steps,params_gamma,params_lr,params_n_epochs,user_attrs_gamma_,user_attrs_n_steps,state
110,110,-106.35,2024-09-04 14:26:29.610695,2024-09-04 14:38:38.671631,0 days 00:12:09.060936,64,0.0005124065365309329,12,0.01956054714170607,0.00035982231176649406,6,0.9804394528582939,4096,COMPLETE
111,111,-92.85,2024-09-04 14:27:14.826983,2024-09-04 14:40:38.744028,0 days 00:13:23.917045,64,0.0006063602983396874,12,0.02089969224668403,0.0003542783007225249,6,0.979100307753316,4096,COMPLETE
112,112,-101.9,2024-09-04 14:27:56.963946,2024-09-04 14:42:14.140745,0 days 00:14:17.176799,64,0.005054067602677905,12,0.020239804715739874,0.00036114433281985,6,0.9797601952842602,4096,COMPLETE
113,113,-92.5,2024-09-04 14:29:34.729306,2024-09-04 14:42:33.074282,0 days 00:12:58.344976,64,0.00011558311489567194,12,0.028035063303094254,0.0003600832440790209,6,0.9719649366969058,4096,COMPLETE
114,114,-84.2,2024-09-04 14:33:04.296620,2024-09-04 14:47:37.769739,0 days 00:14:33.473119,64,0.004887261989810445,12,0.02614301789151217,0.00036119887463485875,6,0.9738569821084878,4096,COMPLETE
115,115,-98.8,2024-09-04 14:35:09.910716,2024-09-04 14:48:10.398362,0 days 00:13:00.487646,64,0.004918553103884063,12,0.02885930542966305,0.000364222059163553,6,0.9711406945703369,4096,COMPLETE
116,116,-89.6,2024-09-04 14:36:24.495172,2024-09-04 14:49:02.763841,0 days 00:12:38.268669,64,0.0029300910417975976,12,0.032259914899062526,0.00036447572389225377,6,0.9677400851009375,4096,COMPLETE
117,117,-98.45,2024-09-04 14:38:38.935465,2024-09-04 14:50:51.958935,0 days 00:12:13.023470,64,0.002997179577426412,12,0.038964776421304685,0.00036416343491796143,6,0.9610352235786953,4096,COMPLETE
118,118,-108.65,2024-09-04 14:38:46.429972,2024-09-04 14:53:15.212071,0 days 00:14:28.782099,64,0.0028956441985092383,12,0.03975373773796918,0.0003640489347713073,7,0.9602462622620308,4096,COMPLETE
119,119,-71.55,2024-09-04 14:39:16.924223,2024-09-04 14:55:53.659089,0 days 00:16:36.734866,64,0.003089112481629338,12,0.04039863949818304,0.00017893317025404994,7,0.959601360501817,4096,COMPLETE
120,120,-100.55,2024-09-04 14:40:38.937444,2024-09-04 14:54:59.608276,0 days 00:14:20.670832,64,0.0028956441985092383,12,0.03975373773796918,0.0003640489347713073,7,0.9602462622620308,4096,COMPLETE
121,121,-109.1,2024-09-04 14:42:14.527511,2024-09-04 15:00:46.987690,0 days 00:18:32.460179,64,0.0029300910417975976,12,0.032259914899062526,0.0003663717010815727,9,0.9677400851009375,4096,COMPLETE
122,122,-83.05,2024-09-04 14:42:33.323409,2024-09-04 14:56:50.421751,0 days 00:14:17.098342,64,0.002949998401906404,12,0.039396877644104135,0.00017984430722571914,7,0.9606031223558958,4096,COMPLETE
123,123,-95.55,2024-09-04 14:47:38.055957,2024-09-04 15:03:34.295430,0 days 00:15:56.239473,64,0.002975825450001861,12,0.0457983806949533,0.00038355396371498164,7,0.9542016193050467,4096,COMPLETE
124,124,-105.5,2024-09-04 14:48:10.878171,2024-09-04 15:02:24.022364,0 days 00:14:13.144193,64,0.0031069358091785366,12,0.03880763704024876,0.00017938762677930625,7,0.9611923629597512,4096,COMPLETE
125,125,-87.3,2024-09-04 14:49:02.913979,2024-09-04 15:02:55.363548,0 days 00:13:52.449569,64,0.0033007746022492577,12,0.039396877644104135,0.00017984430722571914,7,0.9606031223558958,4096,COMPLETE
126,126,-106.4,2024-09-04 14:50:52.304355,2024-09-04 15:05:37.068624,0 days 00:14:44.764269,64,0.0019207710243713861,12,0.01573505200019942,0.00038394691245051854,8,0.9842649479998006,4096,COMPLETE
127,127,-125.0,2024-09-04 14:53:15.650102,2024-09-04 15:10:18.578605,0 days 00:17:02.928503,64,0.0018187361315589602,12,0.010712497429984466,0.00038355396371498164,9,0.9892875025700155,4096,COMPLETE
128,128,-99.0,2024-09-04 14:54:59.761324,2024-09-04 15:11:49.482318,0 days 00:16:49.720994,64,0.0018187361315589602,12,0.010712497429984466,0.00038355396371498164,9,0.9892875025700155,4096,COMPLETE
129,129,-84.5,2024-09-04 14:55:53.842882,2024-09-04 15:13:57.612199,0 days 00:18:03.769317,64,0.0018900258635208404,12,0.04760696719995114,0.00017452858516433018,8,0.9523930328000488,4096,COMPLETE
130,130,-94.25,2024-09-04 14:56:50.647458,2024-09-04 15:12:20.860254,0 days 00:15:30.212796,64,0.0018900258635208404,12,0.04760696719995114,0.00017452858516433018,8,0.9523930328000488,4096,COMPLETE
131,131,-89.7,2024-09-04 15:00:47.132129,2024-09-04 15:17:53.793611,0 days 00:17:06.661482,64,0.0019051914547637357,12,0.05211831239915356,0.00017984430722571914,8,0.9478816876008465,4096,COMPLETE
132,132,-97.55,2024-09-04 15:02:24.182485,2024-09-04 15:16:40.344035,0 days 00:14:16.161550,64,0.001722840107576817,12,0.053869887143994113,0.00017888897040214147,7,0.9461301128560059,4096,COMPLETE
133,133,-74.7,2024-09-04 15:02:55.470226,2024-09-04 15:17:56.481665,0 days 00:15:01.011439,64,0.001829368014933009,12,0.05592167003000348,0.00017570900756650886,8,0.9440783299699965,4096,COMPLETE
134,134,-2277.85,2024-09-04 15:03:36.927496,2024-09-04 15:21:23.973712,0 days 00:17:47.046216,64,0.0021020323297706632,7,0.06280410893221354,0.00014987712166415382,8,0.9371958910677864,128,COMPLETE
135,135,-81.7,2024-09-04 15:05:37.463941,2024-09-04 15:15:40.283524,0 days 00:10:02.819583,64,0.0019443295351263873,12,0.051662689358210216,0.0003467667083951933,4,0.9483373106417898,4096,COMPLETE
136,136,-73.95,2024-09-04 15:10:18.851577,2024-09-04 15:20:27.952832,0 days 00:10:09.101255,64,0.009096184646403023,7,0.06280410893221354,0.00014987712166415382,4,0.9371958910677864,128,COMPLETE
137,137,-192.65,2024-09-04 15:11:49.626845,2024-09-04 15:21:55.601605,0 days 00:10:05.974760,64,0.009096184646403023,7,0.06280410893221354,0.00014987712166415382,4,0.9371958910677864,128,COMPLETE
138,138,-86.7,2024-09-04 15:12:21.517612,2024-09-04 15:22:49.859822,0 days 00:10:28.342210,64,0.007866435933701395,12,0.05349910237628742,0.0001551382576215745,4,0.9465008976237126,4096,COMPLETE
139,139,-84.95,2024-09-04 15:13:59.550059,2024-09-04 15:26:08.409189,0 days 00:12:08.859130,64,0.007866435933701395,12,0.05349910237628742,0.0001551382576215745,4,0.9465008976237126,4096,COMPLETE
140,140,-59.1,2024-09-04 15:15:41.233046,2024-09-04 15:25:45.897246,0 days 00:10:04.664200,64,0.00850877329667724,12,0.05592167003000348,0.0001496201153598112,4,0.9440783299699965,4096,COMPLETE
141,141,-965.1,2024-09-04 15:16:41.640966,2024-09-04 15:26:55.410443,0 days 00:10:13.769477,64,0.009096184646403023,7,0.06280410893221354,0.00034713437177743693,4,0.9371958910677864,128,COMPLETE
142,142,-73.2,2024-09-04 15:17:54.461232,2024-09-04 15:29:27.792030,0 days 00:11:33.330798,64,0.00855876850710935,12,0.0007264636185350932,0.0001520730051630675,4,0.9992735363814649,4096,COMPLETE
143,143,-109.45,2024-09-04 15:17:57.030016,2024-09-04 15:28:01.752543,0 days 00:10:04.722527,64,0.007799960780341874,12,0.08961686281783982,0.0001537075942740371,4,0.9103831371821602,4096,COMPLETE
144,144,-316.75,2024-09-04 15:20:28.160409,2024-09-04 15:30:29.011313,0 days 00:10:00.850904,64,0.00814765369280209,8,0.06288638891177996,0.00034944047521524044,4,0.93711361108822,256,COMPLETE
145,145,-247.65,2024-09-04 15:21:24.500590,2024-09-04 15:32:23.945452,0 days 00:10:59.444862,64,0.00814765369280209,8,0.06288638891177996,0.00034944047521524044,4,0.93711361108822,256,COMPLETE
146,146,-4267.5,2024-09-04 15:21:55.811258,2024-09-04 15:33:19.629573,0 days 00:11:23.818315,64,0.004248129115802557,8,0.00012545659170682563,0.00034944047521524044,4,0.9998745434082932,256,COMPLETE
147,147,-105.35,2024-09-04 15:22:50.149057,2024-09-04 15:33:03.352950,0 days 00:10:13.203893,64,0.003949562272459636,12,0.08179821414561976,0.00011594126401696372,4,0.9182017858543803,4096,COMPLETE
148,148,-73.0,2024-09-04 15:25:46.269543,2024-09-04 15:35:13.422485,0 days 00:09:27.152942,64,0.004289996304852643,9,0.09231369088355201,0.00012027525437190551,4,0.907686309116448,512,COMPLETE
149,149,-412.5,2024-09-04 15:26:08.935457,2024-09-04 15:52:47.254288,0 days 00:26:38.318831,64,0.003949562272459636,10,0.08179821414561976,0.0001295255259458027,15,0.9182017858543803,1024,COMPLETE
150,150,-5302.05,2024-09-04 15:26:55.584982,2024-09-04 15:51:32.158431,0 days 00:24:36.573449,64,0.004246194402587373,8,0.00012545659170682563,0.00032594322813071954,14,0.9998745434082932,256,COMPLETE
151,151,-107.8,2024-09-04 15:28:01.859062,2024-09-04 15:50:06.928442,0 days 00:22:05.069380,64,0.003949562272459636,11,0.07676074059470961,0.0001295255259458027,15,0.9232392594052904,2048,COMPLETE
152,152,-453.0,2024-09-04 15:29:27.946871,2024-09-04 15:40:35.112443,0 days 00:11:07.165572,64,0.0041546826484457925,8,0.0029331529479702644,0.00013191948950263437,4,0.9970668470520297,256,COMPLETE
153,153,-6052.75,2024-09-04 15:30:29.118245,2024-09-04 15:55:36.928299,0 days 00:25:07.810054,64,0.004003589240516418,9,0.000714573146870387,0.00012777050503968152,15,0.9992854268531296,512,COMPLETE
154,154,-1050.1,2024-09-04 15:32:24.107940,2024-09-04 15:58:21.816909,0 days 00:25:57.708969,64,0.004003589240516418,9,0.000714573146870387,0.00012777050503968152,15,0.9992854268531296,512,COMPLETE
155,155,-116.1,2024-09-04 15:33:03.532896,2024-09-04 15:55:21.203598,0 days 00:22:17.670702,64,0.0052756769380858095,12,0.00012793666272418634,0.00016597302572099088,14,0.9998720633372759,4096,COMPLETE
156,156,-2059.3,2024-09-04 15:33:19.784170,2024-09-04 15:56:43.124170,0 days 00:23:23.340000,64,0.005075468250705295,9,0.000714573146870387,0.00012777050503968152,15,0.9992854268531296,512,COMPLETE
157,157,-2063.75,2024-09-04 15:35:13.604432,2024-09-04 15:57:20.022565,0 days 00:22:06.418133,64,0.004745492070609746,9,0.0007313429776489819,0.00013271713836622155,15,0.999268657022351,512,COMPLETE
158,158,-797.05,2024-09-04 15:40:35.257764,2024-09-04 16:05:45.263664,0 days 00:25:10.005900,64,0.004745492070609746,9,0.0007313429776489819,0.00013271713836622155,15,0.999268657022351,512,COMPLETE
159,159,-1284.9,2024-09-04 15:50:07.084069,2024-09-04 16:11:19.504167,0 days 00:21:12.420098,64,0.005289251443631146,9,0.0007626758956826004,0.00010046591178427012,14,0.9992373241043174,512,COMPLETE
160,160,-98.2,2024-09-04 15:51:33.418490,2024-09-04 16:01:21.964398,0 days 00:09:48.545908,64,0.005883631752457241,9,0.09810964403122575,0.00012158867860012047,4,0.9018903559687742,512,COMPLETE
161,161,-209.3,2024-09-04 15:52:48.110869,2024-09-04 16:04:10.193013,0 days 00:11:22.082144,64,0.005807058593768864,9,0.0007626758956826004,0.00010046591178427012,4,0.9992373241043174,512,COMPLETE
162,162,-86.35,2024-09-04 15:55:21.401392,2024-09-04 16:05:37.193195,0 days 00:10:15.791803,64,0.006008260669895605,12,0.0918964771207422,0.00014052538875406002,4,0.9081035228792578,4096,COMPLETE
163,163,-80.95,2024-09-04 15:55:37.053725,2024-09-04 16:05:21.523247,0 days 00:09:44.469522,64,0.0052887542526032305,9,0.0010121725988016367,0.0001401366355068583,4,0.9989878274011984,512,COMPLETE
164,164,-68.3,2024-09-04 15:56:43.299963,2024-09-04 16:07:07.985694,0 days 00:10:24.685731,64,0.006383515799023032,12,0.0010121725988016367,0.0001401366355068583,4,0.9989878274011984,4096,COMPLETE
165,165,-94.65,2024-09-04 15:57:20.189375,2024-09-04 16:07:07.238815,0 days 00:09:47.049440,64,0.009997228600112524,12,0.00019458496107497376,0.00010046591178427012,4,0.9998054150389251,4096,COMPLETE
166,166,-76.85,2024-09-04 15:58:21.963042,2024-09-04 16:09:53.533181,0 days 00:11:31.570139,64,0.006383515799023032,12,0.0010121725988016367,0.0001401366355068583,4,0.9989878274011984,4096,COMPLETE
167,167,-86.6,2024-09-04 16:01:22.108280,2024-09-04 16:11:37.707097,0 days 00:10:15.598817,64,0.006383515799023032,12,0.0010121725988016367,0.0001401366355068583,4,0.9989878274011984,4096,COMPLETE
168,168,-71.25,2024-09-04 16:04:11.033116,2024-09-04 16:16:12.082837,0 days 00:12:01.049721,64,0.006626231038348238,12,0.000368591120224477,0.00014052538875406002,4,0.9996314088797755,4096,COMPLETE
169,169,-60.5,2024-09-04 16:05:21.628603,2024-09-04 16:20:17.734892,0 days 00:14:56.106289,32,0.006717038002120772,12,0.016836430706869476,0.00019514637649421516,4,0.9831635692931305,4096,COMPLETE
170,170,-106.7,2024-09-04 16:05:37.350257,2024-09-04 16:20:21.181508,0 days 00:14:43.831251,32,0.00037313551119762045,12,0.000192436336059359,0.00016982735460663065,4,0.9998075636639406,4096,COMPLETE
171,171,-87.35,2024-09-04 16:05:45.413518,2024-09-04 16:22:29.591244,0 days 00:16:44.177726,32,0.009997228600112524,12,0.00019458496107497376,0.00020068923706836517,4,0.9998054150389251,4096,COMPLETE
172,172,-81.4,2024-09-04 16:07:07.468783,2024-09-04 16:16:25.146592,0 days 00:09:17.677809,64,0.006464457179030331,10,0.0009581743988323377,0.0001446067977324911,4,0.9990418256011676,1024,COMPLETE
173,173,-72.1,2024-09-04 16:07:08.210145,2024-09-04 16:17:34.649010,0 days 00:10:26.438865,64,0.00981288533094849,12,0.0003769823717440175,0.00014052174249734223,4,0.999623017628256,4096,COMPLETE
174,174,-73.75,2024-09-04 16:09:53.721572,2024-09-04 16:21:09.607671,0 days 00:11:15.886099,64,0.00711144604764036,12,0.0011081195693873893,0.00019786999577034304,4,0.9988918804306126,4096,COMPLETE
175,175,-81.75,2024-09-04 16:11:19.729156,2024-09-04 16:21:27.168995,0 days 00:10:07.439839,64,0.00722297568660902,12,0.001476955745521705,0.00014507095134534673,4,0.9985230442544782,4096,COMPLETE
176,176,-92.25,2024-09-04 16:11:37.873293,2024-09-04 16:21:58.161757,0 days 00:10:20.288464,64,0.00711144604764036,12,0.0005453782998907931,0.00019786999577034304,4,0.9994546217001092,4096,COMPLETE
177,177,-74.05,2024-09-04 16:16:12.361716,2024-09-04 16:37:58.539527,0 days 00:21:46.177811,64,1.1165269744175138e-06,12,0.0005426770111587027,0.0001963102304576618,11,0.9994573229888413,4096,COMPLETE
178,178,-112.45,2024-09-04 16:16:25.312890,2024-09-04 16:47:53.922761,0 days 00:31:28.609871,32,1.1165269744175138e-06,12,0.0005426770111587027,0.0001963102304576618,11,0.9994573229888413,4096,COMPLETE
179,179,-79.15,2024-09-04 16:17:34.803522,2024-09-04 16:37:42.865338,0 days 00:20:08.061816,32,0.00996981302285855,12,0.00037734123141435605,0.00014561287833510467,6,0.9996226587685857,4096,COMPLETE
180,180,-80.25,2024-09-04 16:20:17.852206,2024-09-04 16:35:15.555820,0 days 00:14:57.703614,32,0.009998884932614065,12,0.00037734123141435605,0.00014561287833510467,4,0.9996226587685857,4096,COMPLETE
181,181,-93.25,2024-09-04 16:20:21.413478,2024-09-04 16:51:24.356459,0 days 00:31:02.942981,32,8.186137579744012e-06,12,0.00038097368194676246,0.00019923196391644592,11,0.9996190263180532,4096,COMPLETE
182,182,-67.6,2024-09-04 16:21:09.777986,2024-09-04 16:37:21.867061,0 days 00:16:12.089075,32,0.009998841145870614,12,0.0003844755575013362,0.00020467431714851365,4,0.9996155244424987,4096,COMPLETE
183,183,-92.7,2024-09-04 16:21:27.279941,2024-09-04 16:52:23.211227,0 days 00:30:55.931286,32,1.1165269744175138e-06,12,0.00036289079244860813,0.0002019062727504312,11,0.9996371092075514,4096,COMPLETE
184,184,-83.6,2024-09-04 16:21:58.318545,2024-09-04 16:36:50.399570,0 days 00:14:52.081025,32,0.009998841145870614,12,0.0003844755575013362,0.00020467431714851365,4,0.9996155244424987,4096,COMPLETE
185,185,-80.4,2024-09-04 16:22:29.895552,2024-09-04 16:44:32.292962,0 days 00:22:02.397410,32,0.002549037210177339,12,0.0003835584577049856,0.00016011061280936007,6,0.999616441542295,4096,COMPLETE
186,186,-52.9,2024-09-04 16:35:15.679793,2024-09-04 16:54:56.315687,0 days 00:19:40.635894,32,0.002549037210177339,12,0.014951451012491467,0.00016011061280936007,6,0.9850485489875085,4096,COMPLETE
187,187,-100.75,2024-09-04 16:36:50.601176,2024-09-04 16:56:32.714345,0 days 00:19:42.113169,32,0.002549037210177339,12,0.014951451012491467,0.00016011061280936007,6,0.9850485489875085,4096,COMPLETE
188,188,-88.25,2024-09-04 16:37:22.052325,2024-09-04 16:59:32.611846,0 days 00:22:10.559521,32,0.002549037210177339,12,0.0005174851036958536,0.00021411771423437327,6,0.9994825148963041,4096,COMPLETE
189,189,-74.65,2024-09-04 16:37:43.034520,2024-09-04 17:15:00.758630,0 days 00:37:17.724110,32,0.002549037210177339,12,0.0005174851036958536,0.00021411771423437327,13,0.9994825148963041,4096,COMPLETE
190,190,-123.45,2024-09-04 16:37:58.704793,2024-09-04 16:58:13.112174,0 days 00:20:14.407381,64,2.0814609291216206e-05,12,0.023791837572818803,0.00021094764904427537,10,0.9762081624271812,4096,COMPLETE
191,191,-111.95,2024-09-04 16:44:32.776448,2024-09-04 17:23:24.452119,0 days 00:38:51.675671,32,0.007334680718685294,12,0.000515024676822705,0.0001217669324041554,13,0.9994849753231773,4096,COMPLETE
192,192,-47.55,2024-09-04 16:47:54.109453,2024-09-04 16:57:33.166778,0 days 00:09:39.057325,64,0.007201068673112306,12,0.015220683200338486,0.00021030574196025724,4,0.9847793167996615,4096,COMPLETE
193,193,-66.35,2024-09-04 16:51:24.525418,2024-09-04 17:05:54.576965,0 days 00:14:30.051547,32,8.755999521121686e-08,12,0.017034610064297625,0.00018679837681575412,4,0.9829653899357024,4096,COMPLETE
194,194,-109.8,2024-09-04 16:52:23.340044,2024-09-04 17:02:29.239276,0 days 00:10:05.899232,64,0.007201068673112306,12,0.015220683200338486,0.00021030574196025724,4,0.9847793167996615,4096,COMPLETE
195,195,-72.85,2024-09-04 16:54:56.426701,2024-09-04 17:14:45.866491,0 days 00:19:49.439790,32,0.0030844632885014033,12,0.030326854267643637,0.00015969211921414207,6,0.9696731457323564,4096,COMPLETE
196,196,-76.2,2024-09-04 16:56:32.919890,2024-09-04 17:32:35.967959,0 days 00:36:03.048069,32,0.0074263566889109225,12,0.030326854267643637,0.00013706427259100175,13,0.9696731457323564,4096,COMPLETE
197,197,-140.8,2024-09-04 16:57:33.328108,2024-09-04 17:30:32.581097,0 days 00:32:59.252989,32,4.053486824393634e-05,12,0.016710301910656717,0.00022623004685262202,13,0.9832896980893433,4096,COMPLETE
198,198,-103.95,2024-09-04 16:58:13.292657,2024-09-04 17:40:45.281089,0 days 00:42:31.988432,32,0.0034869167010919693,12,0.016710301910656717,0.00022623004685262202,13,0.9832896980893433,4096,COMPLETE
199,199,-104.8,2024-09-04 16:59:32.765423,2024-09-04 17:41:11.584445,0 days 00:41:38.819022,32,0.003546126733597493,12,0.002379544524275817,0.00012259733066068767,13,0.9976204554757242,4096,COMPLETE
200,200,-114.45,2024-09-04 17:02:29.412581,2024-09-04 17:37:59.743797,0 days 00:35:30.331216,32,0.0034869167010919693,12,0.016710301910656717,0.00022623004685262202,13,0.9832896980893433,4096,COMPLETE
201,201,-83.35,2024-09-04 17:05:54.772573,2024-09-04 17:24:57.641456,0 days 00:19:02.868883,32,0.003908807482739228,12,0.014804377745096917,0.00022286445194621664,6,0.9851956222549031,4096,COMPLETE
202,202,-78.15,2024-09-04 17:14:46.053753,2024-09-04 17:34:45.519484,0 days 00:19:59.465731,32,0.0035140547553871426,12,0.01742708471845355,0.0001897285885909923,6,0.9825729152815464,4096,COMPLETE
203,203,-77.25,2024-09-04 17:15:00.932748,2024-09-04 17:35:00.906454,0 days 00:19:59.973706,32,0.003383560893512099,12,0.01645431448866727,0.00018633944180601817,6,0.9835456855113327,4096,COMPLETE
204,204,-89.85,2024-09-04 17:23:24.662535,2024-09-04 17:45:15.488985,0 days 00:21:50.826450,32,0.0035140547553871426,12,0.01742708471845355,0.0001897285885909923,6,0.9825729152815464,4096,COMPLETE
205,205,-78.55,2024-09-04 17:24:57.794903,2024-09-04 17:44:19.839507,0 days 00:19:22.044604,32,6.402207992319121e-08,12,0.01836991901548268,0.00016806746420387026,6,0.9816300809845173,4096,COMPLETE
206,206,-119.45,2024-09-04 17:30:32.809442,2024-09-04 17:49:03.585268,0 days 00:18:30.775826,32,0.003510682471424878,12,0.017370384814244515,0.00015186435835118196,6,0.9826296151857555,4096,COMPLETE
207,207,-72.5,2024-09-04 17:32:36.128411,2024-09-04 17:52:23.534050,0 days 00:19:47.405639,32,0.0035140547553871426,12,0.01742708471845355,0.0001897285885909923,6,0.9825729152815464,4096,COMPLETE
208,208,-67.05,2024-09-04 17:34:45.632094,2024-09-04 17:54:46.985309,0 days 00:20:01.353215,32,2.045086829252249e-08,12,0.02703448995645993,0.00017071921088260007,6,0.97296551004354,4096,COMPLETE
209,209,-93.65,2024-09-04 17:35:01.073404,2024-09-04 17:55:02.498855,0 days 00:20:01.425451,32,0.005841518039335497,12,0.034052278118680765,0.00015186468719108416,6,0.9659477218813193,4096,COMPLETE
210,210,-69.45,2024-09-04 17:37:59.896177,2024-09-04 17:57:11.225377,0 days 00:19:11.329200,32,0.005100771179802147,12,0.024807239783325937,0.00015186435835118196,6,0.9751927602166741,4096,COMPLETE
211,211,-106.55,2024-09-04 17:40:45.567639,2024-09-04 18:03:12.466502,0 days 00:22:26.898863,32,0.005100771179802147,12,0.024807239783325937,0.00015186435835118196,6,0.9751927602166741,4096,COMPLETE
212,212,-88.15,2024-09-04 17:41:11.840763,2024-09-04 17:58:03.891150,0 days 00:16:52.050387,32,0.005735071534440394,12,0.03435035610233598,0.00015185384851853007,4,0.9656496438976641,4096,COMPLETE
213,213,-87.2,2024-09-04 17:44:20.265903,2024-09-04 17:54:30.553218,0 days 00:10:10.287315,64,0.005327562462882033,12,0.012499232558597495,0.0002538738928885305,4,0.9875007674414025,4096,COMPLETE
214,214,-86.75,2024-09-04 17:45:15.661641,2024-09-04 17:56:27.742457,0 days 00:11:12.080816,64,2.045086829252249e-08,12,0.026733654625091797,0.00018574562540044098,4,0.9732663453749082,4096,COMPLETE
215,215,-76.0,2024-09-04 17:49:03.733428,2024-09-04 17:58:54.808725,0 days 00:09:51.075297,64,6.402207992319121e-08,12,0.024841486201480148,0.00015787906560773432,4,0.9751585137985198,4096,COMPLETE
216,216,-76.6,2024-09-04 17:52:23.709855,2024-09-04 18:12:23.843027,0 days 00:20:00.133172,32,6.744825736540865e-08,12,0.023448170295439656,0.00018574562540044098,6,0.9765518297045603,4096,COMPLETE
217,217,-85.0,2024-09-04 17:54:30.699306,2024-09-04 18:13:54.912486,0 days 00:19:24.213180,32,3.5062048243876305e-08,12,0.024947513233676052,0.00015690275890536492,6,0.975052486766324,4096,COMPLETE
218,218,-109.35,2024-09-04 17:54:47.109061,2024-09-04 18:14:51.066573,0 days 00:20:03.957512,32,6.600209616740153e-08,12,0.024622916551632346,0.0001708227300528489,6,0.9753770834483677,4096,COMPLETE
219,219,-105.75,2024-09-04 17:55:02.678879,2024-09-04 18:15:16.312432,0 days 00:20:13.633553,32,1.5591585347877422e-08,12,0.02624260889646523,0.0001827287150926134,6,0.9737573911035348,4096,COMPLETE
