,number,value,datetime_start,datetime_complete,duration,params_batch_size,params_ent_coef,params_exponent_n_steps,params_gamma,params_lr,params_n_epochs,user_attrs_gamma_,user_attrs_n_steps,state
220,220,-72.55,2024-09-04 17:56:27.904293,2024-09-04 18:18:15.347110,0 days 00:21:47.442817,32,6.600209616740153e-08,12,0.024622916551632346,0.0001708227300528489,6,0.9753770834483677,4096,COMPLETE
221,221,-64.55,2024-09-04 17:57:11.334494,2024-09-04 18:16:05.889804,0 days 00:18:54.555310,32,1.8052462405285476e-08,12,0.024152890168333403,0.00015889028414292985,6,0.9758471098316666,4096,COMPLETE
222,222,-98.55,2024-09-04 17:58:04.056728,2024-09-04 18:20:35.593424,0 days 00:22:31.536696,32,5.845528390463431e-08,12,0.02646082746989697,0.00015838229630214064,6,0.973539172530103,4096,COMPLETE
223,223,-50.65,2024-09-04 17:58:55.038174,2024-09-04 18:19:03.365169,0 days 00:20:08.326995,32,0.0048743945022518545,12,0.012952734753776847,0.00017034494031161024,6,0.9870472652462231,4096,COMPLETE
224,224,-95.4,2024-09-04 18:03:12.813168,2024-09-04 18:26:44.370482,0 days 00:23:31.557314,32,7.529319308828559e-08,12,0.022461796944747425,0.00016067728618562123,6,0.9775382030552526,4096,COMPLETE
225,225,-80.75,2024-09-04 18:12:24.113884,2024-09-04 18:32:32.334850,0 days 00:20:08.220966,32,1.2054445478063774e-07,12,0.013384947003246777,0.00017323590835854134,6,0.9866150529967532,4096,COMPLETE
226,226,-105.85,2024-09-04 18:13:55.099138,2024-09-04 18:33:31.417737,0 days 00:19:36.318599,32,1.5574109925368413e-08,12,0.012685509403791047,0.00016974327273957428,6,0.9873144905962089,4096,COMPLETE
227,227,-83.0,2024-09-04 18:14:51.191346,2024-09-04 18:35:00.233132,0 days 00:20:09.041786,32,1.202532996883429e-07,12,0.013164686836237012,0.00016067728618562123,6,0.9868353131637629,4096,COMPLETE
228,228,-91.7,2024-09-04 18:15:16.479663,2024-09-04 18:35:36.169840,0 days 00:20:19.690177,32,1.2054445478063774e-07,12,0.013384947003246777,0.00016058929420135223,6,0.9866150529967532,4096,COMPLETE
229,229,-84.1,2024-09-04 18:16:06.008099,2024-09-04 18:35:14.353542,0 days 00:19:08.345443,32,1.4055799516561488e-08,12,0.02143665922521931,0.00017282098068558438,6,0.9785633407747807,4096,COMPLETE
230,230,-56.4,2024-09-04 18:18:15.555986,2024-09-04 18:40:40.008958,0 days 00:22:24.452972,32,3.471076265970229e-08,12,0.013538936928173213,0.00017470547651540335,6,0.9864610630718268,4096,COMPLETE
231,231,-95.3,2024-09-04 18:19:03.712335,2024-09-04 18:39:41.537672,0 days 00:20:37.825337,32,2.2175986551077238e-08,12,0.01294027012626948,0.0003993066912522075,6,0.9870597298737305,4096,COMPLETE
232,232,-86.05,2024-09-04 18:20:35.752515,2024-09-04 18:43:05.680833,0 days 00:22:29.928318,32,1.3974651218739068e-07,12,0.02060643771398362,0.00016397402367328368,6,0.9793935622860164,4096,COMPLETE
233,233,-69.25,2024-09-04 18:26:44.589461,2024-09-04 18:50:17.435604,0 days 00:23:32.846143,32,1.4801750861678423e-07,12,0.013937434462664874,0.00017360942905752917,6,0.9860625655373352,4096,COMPLETE
234,234,-98.25,2024-09-04 18:32:32.725955,2024-09-04 18:52:45.231063,0 days 00:20:12.505108,32,3.172273245525882e-08,12,0.0108149769929915,0.00017646592703252572,6,0.9891850230070085,4096,COMPLETE
235,235,-113.25,2024-09-04 18:33:31.581052,2024-09-04 18:53:04.880798,0 days 00:19:33.299746,32,2.4937252521172012e-08,12,0.009948543543299198,0.0001653946538602774,6,0.9900514564567008,4096,COMPLETE
236,236,-102.6,2024-09-04 18:35:00.373429,2024-09-04 18:54:48.905581,0 days 00:19:48.532152,32,1.4801750861678423e-07,12,0.00031821253147346453,0.0003984484566648706,6,0.9996817874685265,4096,COMPLETE
237,237,-76.1,2024-09-04 18:35:14.464033,2024-09-04 18:56:46.868826,0 days 00:21:32.404793,32,2.4093582046276692e-08,12,0.029589851508532695,0.00016468510156090677,7,0.9704101484914673,4096,COMPLETE
238,238,-100.0,2024-09-04 18:35:36.420287,2024-09-04 18:55:49.399966,0 days 00:20:12.979679,32,3.172273245525882e-08,12,0.0108149769929915,0.0001932630750503246,6,0.9891850230070085,4096,COMPLETE
239,239,-96.55,2024-09-04 18:39:41.784446,2024-09-04 19:02:43.305890,0 days 00:23:01.521444,32,0.004989269814535878,12,0.010969533468311081,0.0001794738053513263,7,0.9890304665316889,4096,COMPLETE
240,240,-67.15,2024-09-04 18:40:40.160507,2024-09-04 19:03:04.531080,0 days 00:22:24.370573,32,2.7544509917309383e-08,12,0.0003324178337748143,0.0001649878396548543,6,0.9996675821662252,4096,COMPLETE
241,241,-97.15,2024-09-04 18:43:05.905293,2024-09-04 19:05:30.596966,0 days 00:22:24.691673,32,3.288241878073485e-08,12,0.0108149769929915,0.0001932630750503246,6,0.9891850230070085,4096,COMPLETE
242,242,-127.45,2024-09-04 18:50:17.742868,2024-09-04 19:16:45.393857,0 days 00:26:27.650989,32,3.098462809146845e-08,12,0.018219889364066304,0.00017912959955728166,7,0.9817801106359337,4096,COMPLETE
243,243,-76.65,2024-09-04 18:52:45.420090,2024-09-04 19:13:03.240438,0 days 00:20:17.820348,32,5.594159290633306e-07,12,0.010295537995675485,0.00016431403901403935,6,0.9897044620043245,4096,COMPLETE
244,244,-110.2,2024-09-04 18:53:05.094242,2024-09-04 19:19:50.363062,0 days 00:26:45.268820,32,3.769504247643596e-08,12,0.00518118066931295,0.00018330754955547828,9,0.994818819330687,4096,COMPLETE
245,245,-99.55,2024-09-04 18:54:49.308819,2024-09-04 19:16:44.979794,0 days 00:21:55.670975,32,4.5249199186812347e-08,12,0.018219889364066304,0.00019229510392556855,7,0.9817801106359337,4096,COMPLETE
246,246,-65.55,2024-09-04 18:55:49.613903,2024-09-04 19:16:02.249451,0 days 00:20:12.635548,32,5.594159290633306e-07,12,0.019195126218325007,0.00017967899393141773,6,0.980804873781675,4096,COMPLETE
247,247,-102.7,2024-09-04 18:56:46.988561,2024-09-04 19:22:58.347665,0 days 00:26:11.359104,32,1.8084453710544917e-08,12,0.017929281385965327,0.0001825697849161094,9,0.9820707186140347,4096,COMPLETE
248,248,-103.05,2024-09-04 19:02:43.925779,2024-09-04 19:30:20.765954,0 days 00:27:36.840175,32,1.9180873965929985e-07,12,0.01979649162287255,0.00014392205235200844,9,0.9802035083771274,4096,COMPLETE
249,249,-120.15,2024-09-04 19:03:04.903792,2024-09-04 19:33:53.229201,0 days 00:30:48.325409,32,1.2603445631244414e-08,12,0.0002739290697284662,0.00014571827186792284,9,0.9997260709302715,4096,COMPLETE
250,250,-79.05,2024-09-04 19:05:30.828419,2024-09-04 19:22:28.642207,0 days 00:16:57.813788,32,1.8731739343492925e-08,12,0.00033670460131245096,0.00017513927251655345,4,0.9996632953986876,4096,COMPLETE
251,251,-91.3,2024-09-04 19:13:03.403819,2024-09-04 19:40:15.459960,0 days 00:27:12.056141,32,1.2603445631244414e-08,12,0.0002739290697284662,0.00014571827186792284,9,0.9997260709302715,4096,COMPLETE
252,252,-77.35,2024-09-04 19:16:02.507849,2024-09-04 19:46:01.498599,0 days 00:29:58.990750,32,4.1057242120589096e-08,12,0.021751772181924086,0.0001438518765926764,10,0.978248227818076,4096,COMPLETE
253,253,-113.4,2024-09-04 19:16:45.093940,2024-09-04 19:43:18.040649,0 days 00:26:32.946709,32,1.744111136135388e-08,12,0.00040652085605959653,0.0001428997566220792,9,0.9995934791439404,4096,COMPLETE
254,254,-84.95,2024-09-04 19:16:45.630368,2024-09-04 19:48:48.413499,0 days 00:32:02.783131,32,1.744111136135388e-08,12,0.00040652085605959653,0.0001428997566220792,9,0.9995934791439404,4096,COMPLETE
255,255,-95.05,2024-09-04 19:19:50.547216,2024-09-04 19:34:37.500171,0 days 00:14:46.952955,32,5.070296899806924e-07,12,0.015063376961528313,0.00014523012877088397,4,0.9849366230384717,4096,COMPLETE
256,256,-77.0,2024-09-04 19:22:28.877200,2024-09-04 19:56:33.259244,0 days 00:34:04.382044,32,1.9251422940125857e-07,12,0.021751772181924086,0.0001438518765926764,10,0.978248227818076,4096,COMPLETE
257,257,-89.2,2024-09-04 19:22:58.459985,2024-09-04 19:42:13.692826,0 days 00:19:15.232841,32,0.0079236587075027,12,0.014603271991296202,0.00016732929008630312,6,0.9853967280087038,4096,COMPLETE
258,258,-108.65,2024-09-04 19:30:21.011648,2024-09-04 19:49:50.201972,0 days 00:19:29.190324,32,1.1349833468078715e-08,12,0.00026973077737465725,0.0003760751478665817,6,0.9997302692226253,4096,COMPLETE
259,259,-82.6,2024-09-04 19:33:53.373197,2024-09-04 20:32:01.627954,0 days 00:58:08.254757,16,9.234715928948565e-08,12,0.00040652085605959653,0.00013624830004370565,10,0.9995934791439404,4096,COMPLETE
260,260,-131.3,2024-09-04 19:34:37.666900,2024-09-04 20:26:11.349427,0 days 00:51:33.682527,16,1.0624561861691888e-08,12,0.00044302979560176665,0.0001746296004592939,10,0.9995569702043983,4096,COMPLETE
261,261,-134.3,2024-09-04 19:40:15.631365,2024-09-04 20:33:14.977246,0 days 00:52:59.345881,16,9.234715928948565e-08,12,0.00040652085605959653,0.00013624830004370565,10,0.9995934791439404,4096,COMPLETE
262,262,-72.1,2024-09-04 19:42:13.867301,2024-09-04 20:10:15.318770,0 days 00:28:01.451469,16,2.3927127962558802e-08,12,0.0004539010677626946,0.0003760751478665817,5,0.9995460989322373,4096,COMPLETE
263,263,-87.95,2024-09-04 19:43:18.150994,2024-09-04 20:11:33.367793,0 days 00:28:15.216799,16,0.005922230806290743,12,0.0006144739425269402,0.0001379740491261012,5,0.9993855260574731,4096,COMPLETE
264,264,-85.95,2024-09-04 19:46:01.649393,2024-09-04 20:20:26.164494,0 days 00:34:24.515101,16,9.234715928948565e-08,12,0.0004619680695972938,0.00013624830004370565,6,0.9995380319304027,4096,COMPLETE
265,265,-75.0,2024-09-04 19:48:48.593262,2024-09-04 20:22:59.490346,0 days 00:34:10.897084,16,0.005922230806290743,12,0.0006144739425269402,0.0001379740491261012,5,0.9993855260574731,4096,COMPLETE
266,266,-104.35,2024-09-04 19:49:50.364362,2024-09-04 19:59:28.096130,0 days 00:09:37.731768,64,2.6546046932432737e-06,12,0.033657061778072206,0.0001736518105837543,4,0.9663429382219277,4096,COMPLETE
267,267,-96.5,2024-09-04 19:56:33.533483,2024-09-04 20:24:40.381020,0 days 00:28:06.847537,16,9.234715928948565e-08,12,0.0004619680695972938,0.00013624830004370565,4,0.9995380319304027,4096,COMPLETE
268,268,-89.15,2024-09-04 19:59:28.231631,2024-09-04 20:27:54.430051,0 days 00:28:26.198420,16,0.0063462477160356945,12,0.04544941952457221,0.00038788259172396565,5,0.9545505804754277,4096,COMPLETE
269,269,-89.7,2024-09-04 20:00:03.578798,2024-09-04 20:31:41.281737,0 days 00:31:37.702939,16,0.0059146625572148465,12,0.041632569125977216,0.00013590310189377094,5,0.9583674308740228,4096,COMPLETE
270,270,-113.45,2024-09-04 20:10:15.491018,2024-09-04 20:22:57.285829,0 days 00:12:41.794811,64,0.006036753231760311,12,0.015063376961528313,0.00016682871338351144,6,0.9849366230384717,4096,COMPLETE
271,271,-94.4,2024-09-04 20:11:33.540371,2024-09-04 20:24:18.279806,0 days 00:12:44.739435,64,0.007464221765929655,12,0.04117295199153763,0.00017050091192109202,6,0.9588270480084624,4096,COMPLETE
272,272,-80.2,2024-09-04 20:20:26.354174,2024-09-04 20:30:57.617584,0 days 00:10:31.263410,64,0.0079236587075027,12,0.014603271991296202,0.00016732929008630312,4,0.9853967280087038,4096,COMPLETE
273,273,-60.6,2024-09-04 20:22:57.445040,2024-09-04 20:33:04.822464,0 days 00:10:07.377424,64,0.007794130254004164,12,0.04544941952457221,0.00038788259172396565,4,0.9545505804754277,4096,COMPLETE
274,274,-64.8,2024-09-04 20:23:00.050095,2024-09-04 20:35:00.066198,0 days 00:12:00.016103,64,0.007911652657214585,12,0.04117295199153763,0.00017050091192109202,4,0.9588270480084624,4096,COMPLETE
275,275,-97.95,2024-09-04 20:24:18.388237,2024-09-04 20:34:34.087023,0 days 00:10:15.698786,64,0.008358753865831358,12,0.020075062699794206,0.0003861500088941476,4,0.9799249373002058,4096,COMPLETE
276,276,-82.6,2024-09-04 20:24:40.582530,2024-09-04 20:36:28.436480,0 days 00:11:47.853950,64,0.0079236587075027,12,0.0003480547420587244,0.00017599691489562507,4,0.9996519452579413,4096,COMPLETE
277,277,-71.7,2024-09-04 20:26:11.670876,2024-09-04 20:36:28.122464,0 days 00:10:16.451588,64,0.009927802470686977,12,0.02886541982153915,0.00020579012650246106,4,0.9711345801784609,4096,COMPLETE
278,278,-113.65,2024-09-04 20:27:54.698619,2024-09-04 20:38:22.378314,0 days 00:10:27.679695,64,0.009927802470686977,12,0.02886541982153915,0.00020579012650246106,4,0.9711345801784609,4096,COMPLETE
279,279,-118.15,2024-09-04 20:30:58.168141,2024-09-04 20:54:15.147978,0 days 00:23:16.979837,64,0.004688714246080727,12,0.02812784714046109,0.00015551974085216947,14,0.9718721528595389,4096,COMPLETE
280,280,-75.6,2024-09-04 20:31:41.392449,2024-09-04 20:43:04.205195,0 days 00:11:22.812746,64,4.6542530661496426e-08,12,0.0003219761097531123,0.00020569959791425085,4,0.9996780238902468,4096,COMPLETE
281,281,-111.7,2024-09-04 20:32:01.746850,2024-09-04 20:56:08.480508,0 days 00:24:06.733658,64,0.0079236587075027,12,0.0003480547420587244,0.0001838718675678061,14,0.9996519452579413,4096,COMPLETE
282,282,-72.1,2024-09-04 20:33:04.930619,2024-09-04 20:55:08.678412,0 days 00:22:03.747793,64,0.004699818780633587,12,0.02886541982153915,0.00020579012650246106,14,0.9711345801784609,4096,COMPLETE
283,283,-116.1,2024-09-04 20:33:15.163309,2024-09-04 20:56:27.513937,0 days 00:23:12.350628,64,0.0052580314094164,12,0.03138282124888747,0.00037344405132907485,14,0.9686171787511125,4096,COMPLETE
284,284,-97.7,2024-09-04 20:34:34.210410,2024-09-04 20:47:21.709894,0 days 00:12:47.499484,64,4.553097921715576e-08,12,0.02910222159209968,0.00020626084322339616,6,0.9708977784079004,4096,COMPLETE
285,285,-77.65,2024-09-04 20:35:00.241020,2024-09-04 20:47:03.058591,0 days 00:12:02.817571,64,0.0007561208509878022,12,0.029235003608591725,0.0003695253714440138,4,0.9707649963914082,4096,COMPLETE
286,286,-94.95,2024-09-04 20:36:28.289212,2024-09-04 20:49:09.436586,0 days 00:12:41.147374,64,0.004684190054349622,12,0.03680211713876819,0.00037508214813607426,6,0.9631978828612318,4096,COMPLETE
287,287,-84.5,2024-09-04 20:36:28.637768,2024-09-04 21:02:22.756748,0 days 00:25:54.118980,64,0.004688714246080727,12,0.03678434946654398,0.0003724707565532152,14,0.963215650533456,4096,COMPLETE
288,288,-76.85,2024-09-04 20:38:22.570167,2024-09-04 20:51:24.930653,0 days 00:13:02.360486,64,0.004684190054349622,12,0.03680211713876819,0.00037508214813607426,6,0.9631978828612318,4096,COMPLETE
289,289,-56.15,2024-09-04 20:43:04.317581,2024-09-04 21:04:43.332347,0 days 00:21:39.014766,32,0.005028712551151177,12,0.034256182002622135,0.00037392681163195675,6,0.9657438179973779,4096,COMPLETE
290,290,-84.6,2024-09-04 20:47:03.235616,2024-09-04 21:10:38.027721,0 days 00:23:34.792105,32,0.004833476024885791,12,0.03658219046181853,0.0001563511444454649,6,0.9634178095381815,4096,COMPLETE
291,291,-108.15,2024-09-04 20:47:21.822883,2024-09-04 21:26:22.741686,0 days 00:39:00.918803,32,0.004587084175340816,12,0.04530920878728483,0.00039351745820956005,14,0.9546907912127152,4096,COMPLETE
292,292,-108.55,2024-09-04 20:49:09.777095,2024-09-04 21:08:45.739672,0 days 00:19:35.962577,32,0.005329585415234196,12,0.019480728091954294,0.00015588115006607553,6,0.9805192719080457,4096,COMPLETE
293,293,-54.85,2024-09-04 20:51:25.099655,2024-09-04 21:11:24.616342,0 days 00:19:59.516687,32,2.4537751618814145e-08,12,0.019480728091954294,0.00015588115006607553,6,0.9805192719080457,4096,COMPLETE
294,294,-72.6,2024-09-04 20:54:15.355252,2024-09-04 21:14:24.644277,0 days 00:20:09.289025,32,0.006402804233426459,12,0.0193504670590093,0.00016362039316577637,6,0.9806495329409907,4096,COMPLETE
295,295,-75.35,2024-09-04 20:55:08.795326,2024-09-04 21:14:13.309922,0 days 00:19:04.514596,32,4.3489318691033364e-07,12,0.0021496665299478744,0.00016323052356682875,6,0.9978503334700521,4096,COMPLETE
296,296,-118.25,2024-09-04 20:56:08.631301,2024-09-04 21:16:54.397375,0 days 00:20:45.766074,32,4.836410485294853e-07,12,0.048568440577645026,0.0001625308476178179,6,0.951431559422355,4096,COMPLETE
297,297,-101.45,2024-09-04 20:56:27.667454,2024-09-04 21:16:35.561166,0 days 00:20:07.893712,32,4.836410485294853e-07,12,0.048568440577645026,0.0001625308476178179,6,0.951431559422355,4096,COMPLETE
298,298,-84.0,2024-09-04 21:02:22.951220,2024-09-04 21:24:19.335054,0 days 00:21:56.383834,32,0.006402804233426459,12,0.0193504670590093,0.00016362039316577637,6,0.9806495329409907,4096,COMPLETE
299,299,-92.4,2024-09-04 21:04:43.447229,2024-09-04 21:26:26.541080,0 days 00:21:43.093851,32,1.021753929016623e-05,12,0.02273003123407672,0.000391216755497081,6,0.9772699687659233,4096,COMPLETE
300,300,-87.25,2024-09-04 21:08:45.952667,2024-09-04 21:28:16.610118,0 days 00:19:30.657451,32,2.8000283113466668e-08,12,0.04780828124598945,0.0003880702259762053,6,0.9521917187540105,4096,COMPLETE
301,301,-86.05,2024-09-04 21:10:38.203677,2024-09-04 21:33:58.953495,0 days 00:23:20.749818,32,2.436416878601361e-08,12,0.02234517159780871,0.00039351745820956005,6,0.9776548284021913,4096,COMPLETE
302,302,-92.1,2024-09-04 21:11:24.935289,2024-09-04 21:31:28.317958,0 days 00:20:03.382669,32,2.42378490353193e-08,12,0.04780828124598945,0.0003880702259762053,6,0.9521917187540105,4096,COMPLETE
303,303,-99.0,2024-09-04 21:14:13.429070,2024-09-04 21:33:21.807197,0 days 00:19:08.378127,32,3.0851407588570846e-08,12,0.01259483413134256,0.00016258553495540658,6,0.9874051658686575,4096,COMPLETE
304,304,-121.45,2024-09-04 21:14:24.801983,2024-09-04 21:33:45.537717,0 days 00:19:20.735734,32,1.6710221838593362e-08,11,0.04712434165083595,0.00038788259172396565,6,0.9528756583491641,2048,COMPLETE
305,305,-108.75,2024-09-04 21:16:35.740147,2024-09-04 21:35:47.996181,0 days 00:19:12.256034,32,3.172934750716927e-08,11,0.013469421645155416,0.0003861500088941476,6,0.9865305783548446,2048,COMPLETE
306,306,-99.75,2024-09-04 21:16:54.570873,2024-09-04 21:37:45.871828,0 days 00:20:51.300955,32,3.172934750716927e-08,11,0.013469421645155416,0.0003861500088941476,6,0.9865305783548446,2048,COMPLETE
307,307,-104.7,2024-09-04 21:24:19.524433,2024-09-04 21:45:16.023982,0 days 00:20:56.499549,32,1.6710221838593362e-08,11,0.013934389897789464,0.00038788259172396565,6,0.9860656101022105,2048,COMPLETE
308,308,-127.05,2024-09-04 21:26:22.854155,2024-09-04 21:45:07.786925,0 days 00:18:44.932770,32,3.18688850097011e-08,11,0.014234772381657787,0.0002402073403459314,6,0.9857652276183422,2048,COMPLETE
309,309,-77.95,2024-09-04 21:26:26.664781,2024-09-04 21:42:42.458115,0 days 00:16:15.793334,32,2.6259375893020392e-08,12,0.014036981984579418,0.0003599047155320221,4,0.9859630180154206,4096,COMPLETE
310,310,-91.6,2024-09-04 21:28:16.810404,2024-09-04 21:43:10.603172,0 days 00:14:53.792768,32,2.4762780041461526e-08,12,0.014967670689015255,0.00016800181666836854,4,0.9850323293109847,4096,COMPLETE
311,311,-89.8,2024-09-04 21:31:28.582718,2024-09-04 21:46:36.024834,0 days 00:15:07.442116,32,2.0516448803916833e-08,12,0.014967670689015255,0.00016800181666836854,4,0.9850323293109847,4096,COMPLETE
312,312,-84.55,2024-09-04 21:33:21.911201,2024-09-04 21:47:55.638170,0 days 00:14:33.726969,32,0.00026630827229385395,12,0.015904002168822737,0.00017230889207983405,4,0.9840959978311773,4096,COMPLETE
313,313,-77.7,2024-09-04 21:33:45.754981,2024-09-04 21:48:57.981419,0 days 00:15:12.226438,32,7.245509875670979e-07,12,0.015103296104775423,0.00016959891397313329,4,0.9848967038952245,4096,COMPLETE
314,314,-107.0,2024-09-04 21:33:59.118110,2024-09-04 21:51:34.219015,0 days 00:17:35.100905,32,4.7556939538786114e-08,12,0.01434640089247141,0.0002402073403459314,4,0.9856535991075286,4096,COMPLETE
315,315,-89.0,2024-09-04 21:35:48.159836,2024-09-04 21:50:49.168359,0 days 00:15:01.008523,32,0.007472365883644105,12,0.016351483380241234,0.00017077156615868795,4,0.9836485166197587,4096,COMPLETE
316,316,-83.1,2024-09-04 21:37:46.028515,2024-09-04 21:54:29.740961,0 days 00:16:43.712446,32,0.007472365883644105,12,0.016351483380241234,0.00017077156615868795,4,0.9836485166197587,4096,COMPLETE
317,317,-122.55,2024-09-04 21:42:42.595221,2024-09-04 21:59:05.864503,0 days 00:16:23.269282,32,0.0012585002404571102,12,0.016044605116966554,0.00025718657707094616,4,0.9839553948830334,4096,COMPLETE
318,318,-81.8,2024-09-04 21:43:10.753496,2024-09-04 21:58:01.454852,0 days 00:14:50.701356,32,3.1598883119134974e-05,12,0.009006398165565747,0.0001702507435326434,4,0.9909936018344343,4096,COMPLETE
319,319,-95.15,2024-09-04 21:45:07.933079,2024-09-04 22:19:17.738670,0 days 00:34:09.805591,32,0.001245767602928212,12,0.016136251767281517,0.00017216033779783694,12,0.9838637482327185,4096,COMPLETE
320,320,-83.35,2024-09-04 21:45:16.311577,2024-09-04 22:02:13.124875,0 days 00:16:56.813298,32,7.245509875670979e-07,12,0.03320816161742571,0.00017116281267702844,4,0.9667918383825743,4096,COMPLETE
321,321,-69.65,2024-09-04 21:46:36.182976,2024-09-04 21:57:04.259620,0 days 00:10:28.076644,64,3.1598883119134974e-05,12,0.009006398165565747,0.00017292201071762063,4,0.9909936018344343,4096,COMPLETE
322,322,-107.3,2024-09-04 21:47:55.744223,2024-09-04 22:07:48.313137,0 days 00:19:52.568914,64,0.007301117026591615,12,0.017352026892694113,0.00018858482924856665,12,0.9826479731073059,4096,COMPLETE
323,323,-65.55,2024-09-04 21:48:58.192937,2024-09-04 21:59:32.852613,0 days 00:10:34.659676,64,4.7556939538786114e-08,12,0.004469152444691173,0.0001856421291084147,4,0.9955308475553089,4096,COMPLETE
324,324,-96.85,2024-09-04 21:50:49.327302,2024-09-04 22:06:21.447338,0 days 00:15:32.120036,64,5.110562021563317e-05,12,0.03320816161742571,0.00017874595498323532,8,0.9667918383825743,4096,COMPLETE
325,325,-97.6,2024-09-04 21:51:34.403371,2024-09-04 22:15:36.486871,0 days 00:24:02.083500,64,0.001245767602928212,12,0.056977751523355366,0.00021911993603990017,12,0.9430222484766446,4096,COMPLETE
326,326,-106.25,2024-09-04 21:54:29.905664,2024-09-04 22:11:35.716179,0 days 00:17:05.810515,64,5.110562021563317e-05,12,0.03320816161742571,0.00017874595498323532,8,0.9667918383825743,4096,COMPLETE
327,327,-86.15,2024-09-04 21:57:04.401309,2024-09-04 22:17:49.006042,0 days 00:20:44.604733,64,7.703460234623875e-05,12,0.01895837028574473,0.00018512289865758213,12,0.9810416297142552,4096,COMPLETE
328,328,-91.8,2024-09-04 21:58:01.643964,2024-09-04 22:18:34.170325,0 days 00:20:32.526361,64,7.703460234623875e-05,12,0.01895837028574473,0.00018512289865758213,12,0.9810416297142552,4096,COMPLETE
